执行日期：2019-01-10-09：28：27
array (
  0 => 'android',
  1 => '1.1.8',
  2 => '20180928',
  3 => 'dalvik/1.6.0 (linux; u; android 4.4.2; mi 6  build/nmf26x)',
  4 => 'ctl=videosmall,act=svlistcom.alibaba.fastjson.JSONException: syntax error, expect {, actual error, pos 0',
)

执行日期：2019-01-10-09：28：27
array (
  0 => 'android',
  1 => '1.1.8',
  2 => '20180928',
  3 => 'dalvik/1.6.0 (linux; u; android 4.4.2; mi 6  build/nmf26x)',
  4 => 'ctl=videosmall,act=svlistcom.alibaba.fastjson.JSONException: syntax error, expect {, actual error, pos 0',
)

执行日期：2019-01-10-09：28：59
array (
  0 => 'android',
  1 => '1.1.8',
  2 => '20180928',
  3 => 'dalvik/1.6.0 (linux; u; android 4.4.2; mi 6  build/nmf26x)',
  4 => 'Android 2019-01-10 09:28:59 (user:56) viewer join im(299) error 10010,this group does not exist',
)

执行日期：2019-01-10-09：29：01
array (
  0 => 'android',
  1 => '1.1.8',
  2 => '20180928',
  3 => 'dalvik/1.6.0 (linux; u; android 4.4.2; mi 6  build/nmf26x)',
  4 => 'Android 2019-01-10 09:29:01 (user:56) viewer join im(299) error 10010,this group does not exist',
)

执行日期：2019-01-10-09：29：02
array (
  0 => 'android',
  1 => '1.1.8',
  2 => '20180928',
  3 => 'dalvik/1.6.0 (linux; u; android 4.4.2; mi 6  build/nmf26x)',
  4 => 'Android 2019-01-10 09:29:02 (user:56) viewer join im(299) error 10010,this group does not exist',
)

执行日期：2019-01-10-09：29：03
array (
  0 => 'android',
  1 => '1.1.8',
  2 => '20180928',
  3 => 'dalvik/1.6.0 (linux; u; android 4.4.2; mi 6  build/nmf26x)',
  4 => 'Android 2019-01-10 09:29:03 (user:56) viewer join im(299) error 10010,this group does not exist',
)

执行日期：2019-01-10-09：29：04
array (
  0 => 'android',
  1 => '1.1.8',
  2 => '20180928',
  3 => 'dalvik/1.6.0 (linux; u; android 4.4.2; mi 6  build/nmf26x)',
  4 => 'Android 2019-01-10 09:29:04 (user:56) viewer join im(299) error 10010,this group does not exist',
)

执行日期：2019-01-10-09：33：57
array (
  0 => 'android',
  1 => '1.1.8',
  2 => '20180928',
  3 => 'dalvik/2.1.0 (linux; u; android 8.1.0; paam00 build/opm1.171019.011)',
  4 => 'Android 2019-01-10 09:33:57 (user:55) errCode:6208 errMsg:login IM error Kicked off by other device',
)

执行日期：2019-01-10-09：53：29
array (
  0 => 'android',
  1 => '1.1.8',
  2 => '20180928',
  3 => 'dalvik/2.1.0 (linux; u; android 8.0.0; sm-g9550 build/r16nw)',
  4 => 'ctl=user,act=state_changejava.net.SocketException: Connection reset',
)

执行日期：2019-01-10-09：53：29
array (
  0 => 'android',
  1 => '1.1.8',
  2 => '20180928',
  3 => 'dalvik/2.1.0 (linux; u; android 8.0.0; sm-g9550 build/r16nw)',
  4 => 'ctl=index,act=focus_videojava.net.SocketException: Connection reset',
)

执行日期：2019-01-10-09：54：26
array (
  0 => 'android',
  1 => '1.1.8',
  2 => '20180928',
  3 => 'dalvik/2.1.0 (linux; u; android 8.0.0; sm-g9550 build/r16nw)',
  4 => 'ctl=user,act=state_changejava.net.SocketTimeoutException: timeout',
)

执行日期：2019-01-10-10：10：20
array (
  0 => '/www/wwwroot/live/mapi/lib/login.action.php',
  1 => 731,
  2 => 'loginModule::qq_login',
  3 => 
  array (
    'ret' => -22,
    'msg' => 'openid is invalid',
    'openid' => '2C2506B05A99F50325027F6843185BB6',
  ),
)

执行日期：2019-01-10-10：10：46
array (
  0 => '/www/wwwroot/live/mapi/lib/login.action.php',
  1 => 731,
  2 => 'loginModule::qq_login',
  3 => 
  array (
    'ret' => -22,
    'msg' => 'openid is invalid',
    'openid' => '0B80B1DC34637AE54DC0B624F520DABC',
  ),
)

执行日期：2019-01-10-10：17：29
array (
  0 => 'android',
  1 => '1.1.8',
  2 => '20180928',
  3 => 'dalvik/2.1.0 (linux; u; android 8.1.0; paam00 build/opm1.171019.011)',
  4 => 'ctl=videosmall,act=svlistcom.alibaba.fastjson.JSONException: syntax error, expect {, actual error, pos 0',
)

执行日期：2019-01-10-10：17：37
array (
  0 => 'android',
  1 => '1.1.8',
  2 => '20180928',
  3 => 'dalvik/2.1.0 (linux; u; android 8.1.0; paam00 build/opm1.171019.011)',
  4 => 'ctl=videosmall,act=svlistcom.alibaba.fastjson.JSONException: syntax error, expect {, actual error, pos 0',
)

执行日期：2019-01-10-10：17：37
array (
  0 => 'android',
  1 => '1.1.8',
  2 => '20180928',
  3 => 'dalvik/2.1.0 (linux; u; android 8.1.0; paam00 build/opm1.171019.011)',
  4 => 'ctl=videosmall,act=svlistcom.alibaba.fastjson.JSONException: syntax error, expect {, actual error, pos 0',
)

执行日期：2019-01-10-10：17：37
array (
  0 => 'android',
  1 => '1.1.8',
  2 => '20180928',
  3 => 'dalvik/2.1.0 (linux; u; android 8.1.0; paam00 build/opm1.171019.011)',
  4 => 'ctl=videosmall,act=svlistcom.alibaba.fastjson.JSONException: syntax error, expect {, actual error, pos 0',
)

执行日期：2019-01-10-10：17：53
array (
  0 => 'android',
  1 => '1.1.8',
  2 => '20180928',
  3 => 'dalvik/2.1.0 (linux; u; android 8.1.0; paam00 build/opm1.171019.011)',
  4 => 'ctl=videosmall,act=svlistcom.alibaba.fastjson.JSONException: syntax error, expect {, actual error, pos 0',
)

执行日期：2019-01-10-10：19：22
array (
  0 => 'android',
  1 => '1.1.8',
  2 => '20180928',
  3 => 'dalvik/2.1.0 (linux; u; android 8.1.0; paam00 build/opm1.171019.011)',
  4 => 'ctl=videosmall,act=svlistcom.alibaba.fastjson.JSONException: syntax error, expect {, actual error, pos 0',
)

执行日期：2019-01-10-10：19：24
array (
  0 => 'android',
  1 => '1.1.8',
  2 => '20180928',
  3 => 'dalvik/2.1.0 (linux; u; android 8.1.0; paam00 build/opm1.171019.011)',
  4 => 'ctl=videosmall,act=svlistcom.alibaba.fastjson.JSONException: syntax error, expect {, actual error, pos 0',
)

执行日期：2019-01-10-10：20：42
array (
  0 => 'android',
  1 => '1.1.8',
  2 => '20180928',
  3 => 'dalvik/1.6.0 (linux; u; android 4.4.2; mi 6  build/nmf26x)',
  4 => 'ctl=videosmall,act=svlistcom.alibaba.fastjson.JSONException: syntax error, expect {, actual error, pos 0',
)

执行日期：2019-01-10-10：23：41
array (
  0 => 'android',
  1 => '1.1.8',
  2 => '20180928',
  3 => 'dalvik/2.1.0 (linux; u; android 8.0.0; sm-g9550 build/r16nw)',
  4 => 'Android 2019-01-10 10:23:40 (user:63) creater join im(304) error 6013,sdk not initialized or not logged in.',
)

执行日期：2019-01-10-10：23：44
array (
  0 => 'android',
  1 => '1.1.8',
  2 => '20180928',
  3 => 'dalvik/2.1.0 (linux; u; android 8.0.0; sm-g9550 build/r16nw)',
  4 => 'Android 2019-01-10 10:23:43 (user:63) creater join im(304) error 6013,sdk not initialized or not logged in.',
)

执行日期：2019-01-10-10：23：47
array (
  0 => 'android',
  1 => '1.1.8',
  2 => '20180928',
  3 => 'dalvik/2.1.0 (linux; u; android 8.0.0; sm-g9550 build/r16nw)',
  4 => 'Android 2019-01-10 10:23:46 (user:63) creater join im(304) error 6013,sdk not initialized or not logged in.',
)

执行日期：2019-01-10-10：23：50
array (
  0 => 'android',
  1 => '1.1.8',
  2 => '20180928',
  3 => 'dalvik/2.1.0 (linux; u; android 8.0.0; sm-g9550 build/r16nw)',
  4 => 'Android 2019-01-10 10:23:49 (user:63) creater join im(304) error 6013,sdk not initialized or not logged in.',
)

执行日期：2019-01-10-10：24：02
array (
  0 => 'android',
  1 => '1.1.8',
  2 => '20180928',
  3 => 'dalvik/2.1.0 (linux; u; android 8.0.0; sm-g9550 build/r16nw)',
  4 => 'Android 2019-01-10 10:24:00 (user:63) errCode:6012 errMsg:login IM error wait serverResp timeout',
)

执行日期：2019-01-10-10：24：24
array (
  0 => 'android',
  1 => '1.1.8',
  2 => '20180928',
  3 => 'dalvik/1.6.0 (linux; u; android 4.4.2; mi 6  build/nmf26x)',
  4 => 'ctl=index,act=indexjava.io.EOFException',
)

执行日期：2019-01-10-10：24：25
array (
  0 => 'android',
  1 => '1.1.8',
  2 => '20180928',
  3 => 'dalvik/2.1.0 (linux; u; android 8.0.0; sm-g9550 build/r16nw)',
  4 => 'Android 2019-01-10 10:24:24 (user:63) errCode:6012 errMsg:login IM error wait serverResp timeout',
)

执行日期：2019-01-10-10：24：42
array (
  0 => 'android',
  1 => '1.1.8',
  2 => '20180928',
  3 => 'dalvik/2.1.0 (linux; u; android 8.0.0; sm-g9550 build/r16nw)',
  4 => 'Android 2019-01-10 10:24:41 (user:63) creater join im(304) error 6013,sdk not initialized or not logged in.',
)

执行日期：2019-01-10-10：24：45
array (
  0 => 'android',
  1 => '1.1.8',
  2 => '20180928',
  3 => 'dalvik/2.1.0 (linux; u; android 8.0.0; sm-g9550 build/r16nw)',
  4 => 'Android 2019-01-10 10:24:44 (user:63) creater join im(304) error 6013,sdk not initialized or not logged in.',
)

执行日期：2019-01-10-10：24：48
array (
  0 => 'android',
  1 => '1.1.8',
  2 => '20180928',
  3 => 'dalvik/2.1.0 (linux; u; android 8.0.0; sm-g9550 build/r16nw)',
  4 => 'Android 2019-01-10 10:24:47 (user:63) creater join im(304) error 6013,sdk not initialized or not logged in.',
)

执行日期：2019-01-10-10：24：52
array (
  0 => 'android',
  1 => '1.1.8',
  2 => '20180928',
  3 => 'dalvik/2.1.0 (linux; u; android 8.0.0; sm-g9550 build/r16nw)',
  4 => 'Android 2019-01-10 10:24:51 (user:63) creater join im(304) error 6013,sdk not initialized or not logged in.',
)

执行日期：2019-01-10-10：25：07
array (
  0 => 'android',
  1 => '1.1.8',
  2 => '20180928',
  3 => 'dalvik/2.1.0 (linux; u; android 8.0.0; sm-g9550 build/r16nw)',
  4 => 'Android 2019-01-10 10:25:06 (user:63) errCode:6012 errMsg:login IM error wait serverResp timeout',
)

执行日期：2019-01-10-10：25：28
array (
  0 => 'android',
  1 => '1.1.8',
  2 => '20180928',
  3 => 'dalvik/2.1.0 (linux; u; android 8.0.0; sm-g9550 build/r16nw)',
  4 => 'Android 2019-01-10 10:25:27 (user:63) creater join im(304) error 6013,sdk not initialized or not logged in.',
)

执行日期：2019-01-10-10：25：30
array (
  0 => 'android',
  1 => '1.1.8',
  2 => '20180928',
  3 => 'dalvik/2.1.0 (linux; u; android 8.0.0; sm-g9550 build/r16nw)',
  4 => 'Android 2019-01-10 10:25:29 (user:63) errCode:6012 errMsg:login IM error wait serverResp timeout',
)

执行日期：2019-01-10-10：25：32
array (
  0 => 'android',
  1 => '1.1.8',
  2 => '20180928',
  3 => 'dalvik/2.1.0 (linux; u; android 8.0.0; sm-g9550 build/r16nw)',
  4 => 'ctl=app,act=plugin_initjava.lang.NullPointerException: Attempt to invoke virtual method \'long com.fanwe.live.model.UserModel.getDiamonds()\' on a null object reference',
)

执行日期：2019-01-10-10：25：54
array (
  0 => 'android',
  1 => '1.1.8',
  2 => '20180928',
  3 => 'dalvik/2.1.0 (linux; u; android 8.0.0; sm-g9550 build/r16nw)',
  4 => 'Android 2019-01-10 10:25:53 (user:63) errCode:6012 errMsg:login IM error wait serverResp timeout',
)

执行日期：2019-01-10-10：26：17
array (
  0 => 'android',
  1 => '1.1.8',
  2 => '20180928',
  3 => 'dalvik/2.1.0 (linux; u; android 8.0.0; sm-g9550 build/r16nw)',
  4 => 'Android 2019-01-10 10:26:16 (user:63) errCode:6012 errMsg:login IM error wait serverResp timeout',
)

执行日期：2019-01-10-10：26：24
array (
  0 => 'android',
  1 => '1.1.8',
  2 => '20180928',
  3 => 'dalvik/2.1.0 (linux; u; android 8.1.0; paam00 build/opm1.171019.011)',
  4 => 'ctl=videosmall,act=svlistcom.alibaba.fastjson.JSONException: syntax error, expect {, actual error, pos 0',
)

执行日期：2019-01-10-10：26：24
array (
  0 => 'android',
  1 => '1.1.8',
  2 => '20180928',
  3 => 'dalvik/2.1.0 (linux; u; android 8.1.0; paam00 build/opm1.171019.011)',
  4 => 'ctl=videosmall,act=svlistcom.alibaba.fastjson.JSONException: syntax error, expect {, actual error, pos 0',
)

执行日期：2019-01-10-10：26：41
array (
  0 => 'android',
  1 => '1.1.8',
  2 => '20180928',
  3 => 'dalvik/2.1.0 (linux; u; android 8.0.0; sm-g9550 build/r16nw)',
  4 => 'Android 2019-01-10 10:26:40 (user:63) errCode:6012 errMsg:login IM error wait serverResp timeout',
)

执行日期：2019-01-10-10：27：32
array (
  0 => 'android',
  1 => '1.1.8',
  2 => '20180928',
  3 => 'dalvik/2.1.0 (linux; u; android 8.1.0; paam00 build/opm1.171019.011)',
  4 => 'ctl=mount,act=mount_rule_listcom.alibaba.fastjson.JSONException: exepct \'[\', but {, type : class com.fanwe.live.model.ShopModel',
)

执行日期：2019-01-10-10：27：59
array (
  0 => 'android',
  1 => '1.1.8',
  2 => '20180928',
  3 => 'dalvik/2.1.0 (linux; u; android 8.0.0; sm-g9550 build/r16nw)',
  4 => 'Android 2019-01-10 10:27:58 (user:67) viewer join im(305) error 6013,sdk not initialized or not logged in.',
)

执行日期：2019-01-10-10：28：10
array (
  0 => 'android',
  1 => '1.1.8',
  2 => '20180928',
  3 => 'dalvik/2.1.0 (linux; u; android 8.0.0; sm-g9550 build/r16nw)',
  4 => 'Android 2019-01-10 10:28:09 (user:67) creater join im(306) error 6013,sdk not initialized or not logged in.',
)

执行日期：2019-01-10-10：28：13
array (
  0 => 'android',
  1 => '1.1.8',
  2 => '20180928',
  3 => 'dalvik/2.1.0 (linux; u; android 8.0.0; sm-g9550 build/r16nw)',
  4 => 'Android 2019-01-10 10:28:12 (user:67) creater join im(306) error 6013,sdk not initialized or not logged in.',
)

执行日期：2019-01-10-10：28：16
array (
  0 => 'android',
  1 => '1.1.8',
  2 => '20180928',
  3 => 'dalvik/2.1.0 (linux; u; android 8.0.0; sm-g9550 build/r16nw)',
  4 => 'Android 2019-01-10 10:28:15 (user:67) creater join im(306) error 6013,sdk not initialized or not logged in.',
)

执行日期：2019-01-10-10：28：19
array (
  0 => 'android',
  1 => '1.1.8',
  2 => '20180928',
  3 => 'dalvik/2.1.0 (linux; u; android 8.0.0; sm-g9550 build/r16nw)',
  4 => 'Android 2019-01-10 10:28:18 (user:67) creater join im(306) error 6013,sdk not initialized or not logged in.',
)

执行日期：2019-01-10-10：28：25
array (
  0 => 'android',
  1 => '1.1.8',
  2 => '20180928',
  3 => 'dalvik/2.1.0 (linux; u; android 8.0.0; sm-g9550 build/r16nw)',
  4 => 'Android 2019-01-10 10:28:24 (user:67) errCode:6012 errMsg:login IM error wait serverResp timeout',
)

执行日期：2019-01-10-10：28：26
array (
  0 => '/www/wwwroot/live/mapi/lib/music.action.php',
  1 => 464,
  2 => 'musicModule::downurl2',
  3 => '608097019',
  4 => '',
)

执行日期：2019-01-10-10：28：35
array (
  0 => 'android',
  1 => '1.1.8',
  2 => '20180928',
  3 => 'dalvik/2.1.0 (linux; u; android 8.0.0; sm-g9550 build/r16nw)',
  4 => 'Android 2019-01-10 10:28:34 (user:63) creater join im(307) error 6013,sdk not initialized or not logged in.',
)

执行日期：2019-01-10-10：28：38
array (
  0 => 'android',
  1 => '1.1.8',
  2 => '20180928',
  3 => 'dalvik/2.1.0 (linux; u; android 8.0.0; sm-g9550 build/r16nw)',
  4 => 'Android 2019-01-10 10:28:37 (user:63) creater join im(307) error 6013,sdk not initialized or not logged in.',
)

执行日期：2019-01-10-10：28：41
array (
  0 => 'android',
  1 => '1.1.8',
  2 => '20180928',
  3 => 'dalvik/2.1.0 (linux; u; android 8.0.0; sm-g9550 build/r16nw)',
  4 => 'Android 2019-01-10 10:28:40 (user:63) creater join im(307) error 6013,sdk not initialized or not logged in.',
)

执行日期：2019-01-10-10：28：44
array (
  0 => 'android',
  1 => '1.1.8',
  2 => '20180928',
  3 => 'dalvik/2.1.0 (linux; u; android 8.0.0; sm-g9550 build/r16nw)',
  4 => 'Android 2019-01-10 10:28:43 (user:63) creater join im(307) error 6013,sdk not initialized or not logged in.',
)

执行日期：2019-01-10-10：28：57
array (
  0 => '/www/wwwroot/live/mapi/lib/music.action.php',
  1 => 464,
  2 => 'musicModule::downurl2',
  3 => '608097019',
  4 => '',
)

执行日期：2019-01-10-10：28：58
array (
  0 => 'android',
  1 => '1.1.8',
  2 => '20180928',
  3 => 'dalvik/2.1.0 (linux; u; android 8.0.0; sm-g9550 build/r16nw)',
  4 => 'Android 2019-01-10 10:28:57 (user:63) errCode:6012 errMsg:login IM error wait serverResp timeout',
)

执行日期：2019-01-10-10：29：20
array (
  0 => 'android',
  1 => '1.1.8',
  2 => '20180928',
  3 => 'dalvik/2.1.0 (linux; u; android 8.0.0; sm-g9550 build/r16nw)',
  4 => 'Android 2019-01-10 10:29:19 (user:63) creater join im(307) error 6013,sdk not initialized or not logged in.',
)

执行日期：2019-01-10-10：29：23
array (
  0 => 'android',
  1 => '1.1.8',
  2 => '20180928',
  3 => 'dalvik/2.1.0 (linux; u; android 8.0.0; sm-g9550 build/r16nw)',
  4 => 'Android 2019-01-10 10:29:22 (user:63) creater join im(307) error 6013,sdk not initialized or not logged in.',
)

执行日期：2019-01-10-10：29：27
array (
  0 => 'android',
  1 => '1.1.8',
  2 => '20180928',
  3 => 'dalvik/2.1.0 (linux; u; android 8.0.0; sm-g9550 build/r16nw)',
  4 => 'Android 2019-01-10 10:29:25 (user:63) creater join im(307) error 6013,sdk not initialized or not logged in.',
)

执行日期：2019-01-10-10：29：30
array (
  0 => 'android',
  1 => '1.1.8',
  2 => '20180928',
  3 => 'dalvik/2.1.0 (linux; u; android 8.0.0; sm-g9550 build/r16nw)',
  4 => 'Android 2019-01-10 10:29:28 (user:63) creater join im(307) error 6013,sdk not initialized or not logged in.',
)

执行日期：2019-01-10-10：29：34
array (
  0 => '/www/wwwroot/live/mapi/lib/music.action.php',
  1 => 464,
  2 => 'musicModule::downurl2',
  3 => '608097019',
  4 => '',
)

执行日期：2019-01-10-10：29：37
array (
  0 => '/www/wwwroot/live/mapi/lib/music.action.php',
  1 => 464,
  2 => 'musicModule::downurl2',
  3 => '608097019',
  4 => '',
)

执行日期：2019-01-10-10：29：38
array (
  0 => '/www/wwwroot/live/mapi/lib/music.action.php',
  1 => 464,
  2 => 'musicModule::downurl2',
  3 => '608097019',
  4 => '',
)

执行日期：2019-01-10-10：29：40
array (
  0 => 'android',
  1 => '1.1.8',
  2 => '20180928',
  3 => 'dalvik/2.1.0 (linux; u; android 8.0.0; sm-g9550 build/r16nw)',
  4 => 'Android 2019-01-10 10:29:39 (user:63) errCode:6012 errMsg:login IM error wait serverResp timeout',
)

执行日期：2019-01-10-10：34：22
array (
  0 => '/www/wwwroot/live/mapi/lib/music.action.php',
  1 => 464,
  2 => 'musicModule::downurl2',
  3 => '608097019',
  4 => '',
)

执行日期：2019-01-10-10：42：23
array (
  0 => '/www/wwwroot/live/mapi/lib/pay.action.php',
  1 => 162,
  2 => 'payModule::recharge',
  3 => 
  array (
    'error' => '无任何支付方式',
  ),
)

执行日期：2019-01-10-10：42：24
array (
  0 => '/www/wwwroot/live/mapi/lib/pay.action.php',
  1 => 162,
  2 => 'payModule::recharge',
  3 => 
  array (
    'error' => '无任何支付方式',
  ),
)

执行日期：2019-01-10-10：48：05
array (
  0 => 'android',
  1 => '1.1.8',
  2 => '20180928',
  3 => 'dalvik/1.6.0 (linux; u; android 4.4.2; mi 6  build/nmf26x)',
  4 => 'ctl=index,act=indexjava.io.EOFException',
)

执行日期：2019-01-10-11：00：52
array (
  0 => 'android',
  1 => '5.9.7',
  2 => '20190110',
  3 => 'dalvik/1.6.0 (linux; u; android 4.4.2; mi 6  build/nmf26x)',
  4 => 'ctl=index,act=indexjava.io.EOFException',
)

执行日期：2019-01-10-11：07：21
array (
  0 => 'android',
  1 => '5.9.7',
  2 => '20190110',
  3 => 'dalvik/1.6.0 (linux; u; android 4.4.2; mi 6  build/nmf26x)',
  4 => 'ctl=index,act=indexjava.io.EOFException',
)

执行日期：2019-01-10-11：17：12
array (
  0 => 'android',
  1 => '5.9.7',
  2 => '20190110',
  3 => 'dalvik/1.6.0 (linux; u; android 4.4.2; mi 6  build/nmf26x)',
  4 => 'ctl=index,act=indexjava.io.EOFException',
)

执行日期：2019-01-10-11：31：57
array (
  0 => '/www/wwwroot/live/mapi/lib/pay.action.php',
  1 => 162,
  2 => 'payModule::recharge',
  3 => 
  array (
    'error' => '无任何支付方式',
  ),
)

执行日期：2019-01-10-11：32：03
array (
  0 => '/www/wwwroot/live/mapi/lib/pay.action.php',
  1 => 162,
  2 => 'payModule::recharge',
  3 => 
  array (
    'error' => '无任何支付方式',
  ),
)

执行日期：2019-01-10-11：33：08
array (
  0 => '/www/wwwroot/live/mapi/lib/pay.action.php',
  1 => 162,
  2 => 'payModule::recharge',
  3 => 
  array (
    'error' => '无任何支付方式',
  ),
)

执行日期：2019-01-10-11：33：47
array (
  0 => '/www/wwwroot/live/mapi/lib/pay.action.php',
  1 => 162,
  2 => 'payModule::recharge',
  3 => 
  array (
    'error' => '无任何支付方式',
  ),
)

执行日期：2019-01-10-11：33：50
array (
  0 => '/www/wwwroot/live/mapi/lib/pay.action.php',
  1 => 162,
  2 => 'payModule::recharge',
  3 => 
  array (
    'error' => '无任何支付方式',
  ),
)

执行日期：2019-01-10-11：34：29
array (
  0 => 'android',
  1 => '5.9.7',
  2 => '20190110',
  3 => 'dalvik/1.6.0 (linux; u; android 4.4.2; mi 6  build/nmf26x)',
  4 => 'ctl=index,act=indexjava.io.EOFException',
)

执行日期：2019-01-10-11：37：17
array (
  0 => '/www/wwwroot/live/mapi/lib/pay.action.php',
  1 => 162,
  2 => 'payModule::recharge',
  3 => 
  array (
    'error' => '无任何支付方式',
  ),
)

执行日期：2019-01-10-11：39：16
array (
  0 => 'android',
  1 => '5.9.7',
  2 => '20190110',
  3 => 'dalvik/1.6.0 (linux; u; android 4.4.2; mi 6  build/nmf26x)',
  4 => 'ctl=index,act=indexjava.io.EOFException',
)

执行日期：2019-01-10-11：54：13
array (
  0 => 'android',
  1 => '1.1.8',
  2 => '20180928',
  3 => 'dalvik/2.1.0 (linux; u; android 8.0.0; sm-g9550 build/r16nw)',
  4 => 'ctl=user,act=state_changejava.net.SocketTimeoutException: timeout',
)

执行日期：2019-01-10-12：00：48
array (
  0 => 'android',
  1 => '5.9.7',
  2 => '20190110',
  3 => 'dalvik/1.6.0 (linux; u; android 4.4.2; mi 6  build/nmf26x)',
  4 => 'ctl=videosmall,act=svlistcom.alibaba.fastjson.JSONException: syntax error, expect {, actual error, pos 0',
)

执行日期：2019-01-10-12：00：55
array (
  0 => 'android',
  1 => '5.9.7',
  2 => '20190110',
  3 => 'dalvik/1.6.0 (linux; u; android 4.4.2; mi 6  build/nmf26x)',
  4 => 'ctl=videosmall,act=svlistcom.alibaba.fastjson.JSONException: syntax error, expect {, actual error, pos 0',
)

执行日期：2019-01-10-12：00：55
array (
  0 => 'android',
  1 => '5.9.7',
  2 => '20190110',
  3 => 'dalvik/1.6.0 (linux; u; android 4.4.2; mi 6  build/nmf26x)',
  4 => 'ctl=videosmall,act=svlistcom.alibaba.fastjson.JSONException: syntax error, expect {, actual error, pos 0',
)

执行日期：2019-01-10-12：01：09
array (
  0 => 'android',
  1 => '5.9.7',
  2 => '20190110',
  3 => 'dalvik/2.1.0 (linux; u; android 8.1.0; paam00 build/opm1.171019.011)',
  4 => 'ctl=videosmall,act=svlistcom.alibaba.fastjson.JSONException: syntax error, expect {, actual error, pos 0',
)

执行日期：2019-01-10-12：01：21
array (
  0 => 'android',
  1 => '5.9.7',
  2 => '20190110',
  3 => 'dalvik/2.1.0 (linux; u; android 8.1.0; paam00 build/opm1.171019.011)',
  4 => 'ctl=mount,act=mount_rule_listcom.alibaba.fastjson.JSONException: exepct \'[\', but {, type : class com.fanwe.live.model.ShopModel',
)

执行日期：2019-01-10-12：01：21
array (
  0 => 'android',
  1 => '5.9.7',
  2 => '20190110',
  3 => 'dalvik/2.1.0 (linux; u; android 8.1.0; paam00 build/opm1.171019.011)',
  4 => 'ctl=videosmall,act=svlistcom.alibaba.fastjson.JSONException: syntax error, expect {, actual error, pos 0',
)

执行日期：2019-01-10-12：01：23
array (
  0 => 'android',
  1 => '5.9.7',
  2 => '20190110',
  3 => 'dalvik/2.1.0 (linux; u; android 8.1.0; paam00 build/opm1.171019.011)',
  4 => 'ctl=videosmall,act=svlistcom.alibaba.fastjson.JSONException: syntax error, expect {, actual error, pos 0',
)

执行日期：2019-01-10-12：01：24
array (
  0 => 'android',
  1 => '5.9.7',
  2 => '20190110',
  3 => 'dalvik/2.1.0 (linux; u; android 8.1.0; paam00 build/opm1.171019.011)',
  4 => 'ctl=videosmall,act=svlistcom.alibaba.fastjson.JSONException: syntax error, expect {, actual error, pos 0',
)

执行日期：2019-01-10-12：01：24
array (
  0 => 'android',
  1 => '5.9.7',
  2 => '20190110',
  3 => 'dalvik/2.1.0 (linux; u; android 8.1.0; paam00 build/opm1.171019.011)',
  4 => 'ctl=videosmall,act=svlistcom.alibaba.fastjson.JSONException: syntax error, expect {, actual error, pos 0',
)

执行日期：2019-01-10-12：01：25
array (
  0 => 'android',
  1 => '5.9.7',
  2 => '20190110',
  3 => 'dalvik/2.1.0 (linux; u; android 8.1.0; paam00 build/opm1.171019.011)',
  4 => 'ctl=videosmall,act=svlistcom.alibaba.fastjson.JSONException: syntax error, expect {, actual error, pos 0',
)

执行日期：2019-01-10-12：01：26
array (
  0 => 'android',
  1 => '5.9.7',
  2 => '20190110',
  3 => 'dalvik/2.1.0 (linux; u; android 8.1.0; paam00 build/opm1.171019.011)',
  4 => 'ctl=videosmall,act=svlistcom.alibaba.fastjson.JSONException: syntax error, expect {, actual error, pos 0',
)

执行日期：2019-01-10-12：01：31
array (
  0 => '/www/wwwroot/live/mapi/lib/pay.action.php',
  1 => 162,
  2 => 'payModule::recharge',
  3 => 
  array (
    'error' => '无任何支付方式',
  ),
)

执行日期：2019-01-10-12：01：32
array (
  0 => 'android',
  1 => '5.9.7',
  2 => '20190110',
  3 => 'dalvik/2.1.0 (linux; u; android 8.1.0; paam00 build/opm1.171019.011)',
  4 => 'ctl=videosmall,act=svlistcom.alibaba.fastjson.JSONException: syntax error, expect {, actual error, pos 0',
)

执行日期：2019-01-10-12：01：33
array (
  0 => 'android',
  1 => '5.9.7',
  2 => '20190110',
  3 => 'dalvik/2.1.0 (linux; u; android 8.1.0; paam00 build/opm1.171019.011)',
  4 => 'ctl=videosmall,act=svlistcom.alibaba.fastjson.JSONException: syntax error, expect {, actual error, pos 0',
)

执行日期：2019-01-10-12：01：35
array (
  0 => 'android',
  1 => '5.9.7',
  2 => '20190110',
  3 => 'dalvik/2.1.0 (linux; u; android 8.1.0; paam00 build/opm1.171019.011)',
  4 => 'ctl=videosmall,act=svlistcom.alibaba.fastjson.JSONException: syntax error, expect {, actual error, pos 0',
)

执行日期：2019-01-10-12：02：14
array (
  0 => 'android',
  1 => '5.9.7',
  2 => '20190110',
  3 => 'dalvik/1.6.0 (linux; u; android 4.4.2; mi 6  build/nmf26x)',
  4 => 'ctl=index,act=indexjava.io.EOFException',
)

执行日期：2019-01-10-12：03：47
array (
  0 => 'android',
  1 => '5.9.7',
  2 => '20190110',
  3 => 'dalvik/2.1.0 (linux; u; android 8.1.0; paam00 build/opm1.171019.011)',
  4 => 'ctl=videosmall,act=svlistcom.alibaba.fastjson.JSONException: syntax error, expect {, actual error, pos 0',
)

执行日期：2019-01-10-12：03：59
array (
  0 => 'android',
  1 => '5.9.7',
  2 => '20190110',
  3 => 'dalvik/2.1.0 (linux; u; android 8.1.0; paam00 build/opm1.171019.011)',
  4 => 'ctl=videosmall,act=svlistcom.alibaba.fastjson.JSONException: syntax error, expect {, actual error, pos 0',
)

执行日期：2019-01-10-12：04：09
array (
  0 => 'android',
  1 => '5.9.7',
  2 => '20190110',
  3 => 'dalvik/2.1.0 (linux; u; android 8.1.0; paam00 build/opm1.171019.011)',
  4 => 'ctl=videosmall,act=svlistcom.alibaba.fastjson.JSONException: syntax error, expect {, actual error, pos 0',
)

执行日期：2019-01-10-12：05：03
array (
  0 => 'android',
  1 => '5.9.7',
  2 => '20190110',
  3 => 'dalvik/2.1.0 (linux; u; android 8.1.0; paam00 build/opm1.171019.011)',
  4 => 'ctl=videosmall,act=svlistcom.alibaba.fastjson.JSONException: syntax error, expect {, actual error, pos 0',
)

执行日期：2019-01-10-12：05：23
array (
  0 => 'android',
  1 => '5.9.7',
  2 => '20190110',
  3 => 'dalvik/2.1.0 (linux; u; android 8.1.0; paam00 build/opm1.171019.011)',
  4 => 'ctl=videosmall,act=svlistcom.alibaba.fastjson.JSONException: syntax error, expect {, actual error, pos 0',
)

执行日期：2019-01-10-12：08：30
array (
  0 => 'android',
  1 => '5.9.7',
  2 => '20190110',
  3 => 'dalvik/1.6.0 (linux; u; android 4.4.2; mi 6  build/nmf26x)',
  4 => 'ctl=videosmall,act=svlistcom.alibaba.fastjson.JSONException: syntax error, expect {, actual error, pos 0',
)

执行日期：2019-01-10-12：08：33
array (
  0 => '/www/wwwroot/live/mapi/lib/pay.action.php',
  1 => 162,
  2 => 'payModule::recharge',
  3 => 
  array (
    'error' => '无任何支付方式',
  ),
)

执行日期：2019-01-10-12：08：35
array (
  0 => 'android',
  1 => '5.9.7',
  2 => '20190110',
  3 => 'dalvik/1.6.0 (linux; u; android 4.4.2; mi 6  build/nmf26x)',
  4 => 'ctl=videosmall,act=svlistcom.alibaba.fastjson.JSONException: syntax error, expect {, actual error, pos 0',
)

执行日期：2019-01-10-12：56：44
array (
  0 => '/www/wwwroot/live/mapi/lib/pay.action.php',
  1 => 162,
  2 => 'payModule::recharge',
  3 => 
  array (
    'error' => '无任何支付方式',
  ),
)

执行日期：2019-01-10-12：56：52
array (
  0 => 'android',
  1 => '5.9.7',
  2 => '20190110',
  3 => 'dalvik/1.6.0 (linux; u; android 4.4.2; mi 6  build/nmf26x)',
  4 => 'ctl=videosmall,act=svlistcom.alibaba.fastjson.JSONException: syntax error, expect {, actual error, pos 0',
)

执行日期：2019-01-10-12：56：52
array (
  0 => 'android',
  1 => '5.9.7',
  2 => '20190110',
  3 => 'dalvik/1.6.0 (linux; u; android 4.4.2; mi 6  build/nmf26x)',
  4 => 'ctl=videosmall,act=svlistcom.alibaba.fastjson.JSONException: syntax error, expect {, actual error, pos 0',
)

执行日期：2019-01-10-12：57：20
array (
  0 => 'android',
  1 => '5.9.7',
  2 => '20190110',
  3 => 'dalvik/1.6.0 (linux; u; android 4.4.2; mi 6  build/nmf26x)',
  4 => 'ctl=videosmall,act=svlistcom.alibaba.fastjson.JSONException: syntax error, expect {, actual error, pos 0',
)

执行日期：2019-01-10-13：01：11
array (
  0 => 'android',
  1 => '5.9.7',
  2 => '20190110',
  3 => 'dalvik/1.6.0 (linux; u; android 4.4.2; mi 6  build/nmf26x)',
  4 => 'ctl=videosmall,act=svlistcom.alibaba.fastjson.JSONException: syntax error, expect {, actual error, pos 0',
)

执行日期：2019-01-10-13：01：16
array (
  0 => 'android',
  1 => '5.9.7',
  2 => '20190110',
  3 => 'dalvik/1.6.0 (linux; u; android 4.4.2; mi 6  build/nmf26x)',
  4 => 'ctl=videosmall,act=svlistcom.alibaba.fastjson.JSONException: syntax error, expect {, actual error, pos 0',
)

执行日期：2019-01-10-13：02：36
array (
  0 => 'android',
  1 => '5.9.7',
  2 => '20190110',
  3 => 'dalvik/1.6.0 (linux; u; android 4.4.2; mi 6  build/nmf26x)',
  4 => 'ctl=index,act=indexjava.io.EOFException',
)

执行日期：2019-01-10-13：12：55
array (
  0 => '/www/wwwroot/live/mapi/lib/pay.action.php',
  1 => 162,
  2 => 'payModule::recharge',
  3 => 
  array (
    'error' => '无任何支付方式',
  ),
)

执行日期：2019-01-10-13：17：29
array (
  0 => 'android',
  1 => '5.9.7',
  2 => '20190110',
  3 => 'dalvik/2.1.0 (linux; u; android 8.1.0; paam00 build/opm1.171019.011)',
  4 => 'ctl=videosmall,act=svlistcom.alibaba.fastjson.JSONException: syntax error, expect {, actual error, pos 0',
)

执行日期：2019-01-10-13：17：29
array (
  0 => 'android',
  1 => '5.9.7',
  2 => '20190110',
  3 => 'dalvik/2.1.0 (linux; u; android 8.1.0; paam00 build/opm1.171019.011)',
  4 => 'ctl=videosmall,act=svlistcom.alibaba.fastjson.JSONException: syntax error, expect {, actual error, pos 0',
)

执行日期：2019-01-10-13：18：46
array (
  0 => 'android',
  1 => '5.9.7',
  2 => '20190110',
  3 => 'dalvik/2.1.0 (linux; u; android 8.1.0; paam00 build/opm1.171019.011)',
  4 => 'ctl=videosmall,act=svlistcom.alibaba.fastjson.JSONException: syntax error, expect {, actual error, pos 0',
)

执行日期：2019-01-10-13：18：46
array (
  0 => 'android',
  1 => '5.9.7',
  2 => '20190110',
  3 => 'dalvik/2.1.0 (linux; u; android 8.1.0; paam00 build/opm1.171019.011)',
  4 => 'ctl=videosmall,act=svlistcom.alibaba.fastjson.JSONException: syntax error, expect {, actual error, pos 0',
)

执行日期：2019-01-10-13：26：07
array (
  0 => 'android',
  1 => '5.9.7',
  2 => '20190110',
  3 => 'dalvik/2.1.0 (linux; u; android 8.1.0; paam00 build/opm1.171019.011)',
  4 => 'ctl=videosmall,act=svlistcom.alibaba.fastjson.JSONException: syntax error, expect {, actual error, pos 0',
)

执行日期：2019-01-10-13：26：07
array (
  0 => 'android',
  1 => '5.9.7',
  2 => '20190110',
  3 => 'dalvik/2.1.0 (linux; u; android 8.1.0; paam00 build/opm1.171019.011)',
  4 => 'ctl=videosmall,act=svlistcom.alibaba.fastjson.JSONException: syntax error, expect {, actual error, pos 0',
)

执行日期：2019-01-10-13：27：04
array (
  0 => 'android',
  1 => '5.9.7',
  2 => '20190110',
  3 => 'dalvik/1.6.0 (linux; u; android 4.4.2; mi 6  build/nmf26x)',
  4 => 'ctl=videosmall,act=svlistcom.alibaba.fastjson.JSONException: syntax error, expect {, actual error, pos 0',
)

执行日期：2019-01-10-13：27：41
array (
  0 => 'android',
  1 => '5.9.7',
  2 => '20190110',
  3 => 'dalvik/1.6.0 (linux; u; android 4.4.2; mi 6  build/nmf26x)',
  4 => 'ctl=videosmall,act=svlistcom.alibaba.fastjson.JSONException: syntax error, expect {, actual error, pos 0',
)

执行日期：2019-01-10-13：27：41
array (
  0 => 'android',
  1 => '5.9.7',
  2 => '20190110',
  3 => 'dalvik/1.6.0 (linux; u; android 4.4.2; mi 6  build/nmf26x)',
  4 => 'ctl=videosmall,act=svlistcom.alibaba.fastjson.JSONException: syntax error, expect {, actual error, pos 0',
)

执行日期：2019-01-10-13：40：11
array (
  0 => 'android',
  1 => '5.9.7',
  2 => '20190110',
  3 => 'dalvik/1.6.0 (linux; u; android 4.4.2; mi 6  build/nmf26x)',
  4 => 'ctl=videosmall,act=svlistcom.alibaba.fastjson.JSONException: syntax error, expect {, actual error, pos 0',
)

执行日期：2019-01-10-13：40：43
array (
  0 => 'android',
  1 => '5.9.7',
  2 => '20190110',
  3 => 'dalvik/1.6.0 (linux; u; android 4.4.2; mi 6  build/nmf26x)',
  4 => 'ctl=user,act=userinfocom.alibaba.fastjson.JSONException: syntax error, expect {, actual error, pos 0',
)

执行日期：2019-01-10-13：40：43
array (
  0 => 'android',
  1 => '5.9.7',
  2 => '20190110',
  3 => 'dalvik/1.6.0 (linux; u; android 4.4.2; mi 6  build/nmf26x)',
  4 => 'ctl=user,act=userinfocom.alibaba.fastjson.JSONException: syntax error, expect {, actual error, pos 0',
)

执行日期：2019-01-10-13：40：52
array (
  0 => 'android',
  1 => '5.9.7',
  2 => '20190110',
  3 => 'dalvik/1.6.0 (linux; u; android 4.4.2; mi 6  build/nmf26x)',
  4 => 'ctl=user,act=userinfocom.alibaba.fastjson.JSONException: syntax error, expect {, actual error, pos 0',
)

执行日期：2019-01-10-13：40：52
array (
  0 => 'android',
  1 => '5.9.7',
  2 => '20190110',
  3 => 'dalvik/1.6.0 (linux; u; android 4.4.2; mi 6  build/nmf26x)',
  4 => 'ctl=user,act=userinfocom.alibaba.fastjson.JSONException: syntax error, expect {, actual error, pos 0',
)

执行日期：2019-01-10-13：40：52
array (
  0 => 'android',
  1 => '5.9.7',
  2 => '20190110',
  3 => 'dalvik/1.6.0 (linux; u; android 4.4.2; mi 6  build/nmf26x)',
  4 => 'ctl=videosmall,act=svlistcom.alibaba.fastjson.JSONException: syntax error, expect {, actual error, pos 0',
)

执行日期：2019-01-10-13：42：42
array (
  0 => 'android',
  1 => '5.9.7',
  2 => '20190110',
  3 => 'dalvik/1.6.0 (linux; u; android 4.4.2; mi 6  build/nmf26x)',
  4 => 'ctl=user,act=userinfocom.alibaba.fastjson.JSONException: syntax error, expect {, actual error, pos 0',
)

执行日期：2019-01-10-13：42：42
array (
  0 => 'android',
  1 => '5.9.7',
  2 => '20190110',
  3 => 'dalvik/1.6.0 (linux; u; android 4.4.2; mi 6  build/nmf26x)',
  4 => 'ctl=user,act=userinfocom.alibaba.fastjson.JSONException: syntax error, expect {, actual error, pos 0',
)

执行日期：2019-01-10-13：44：35
array (
  0 => 'android',
  1 => '5.9.7',
  2 => '20190110',
  3 => 'dalvik/1.6.0 (linux; u; android 4.4.2; mi 6  build/nmf26x)',
  4 => 'ctl=index,act=indexjava.io.EOFException',
)

执行日期：2019-01-10-13：48：57
array (
  0 => 'android',
  1 => '5.9.7',
  2 => '20190110',
  3 => 'dalvik/2.1.0 (linux; u; android 7.0; mix miui/v9.5.1.0.nahcnfa)',
  4 => 'ctl=videosmall,act=svlistcom.alibaba.fastjson.JSONException: syntax error, expect {, actual error, pos 0',
)

执行日期：2019-01-10-13：48：57
array (
  0 => 'android',
  1 => '5.9.7',
  2 => '20190110',
  3 => 'dalvik/2.1.0 (linux; u; android 7.0; mix miui/v9.5.1.0.nahcnfa)',
  4 => 'ctl=videosmall,act=svlistcom.alibaba.fastjson.JSONException: syntax error, expect {, actual error, pos 0',
)

执行日期：2019-01-10-13：49：11
array (
  0 => '/www/wwwroot/live/mapi/lib/pay.action.php',
  1 => 162,
  2 => 'payModule::recharge',
  3 => 
  array (
    'error' => '无任何支付方式',
  ),
)

执行日期：2019-01-10-13：49：17
array (
  0 => 'android',
  1 => '5.9.7',
  2 => '20190110',
  3 => 'dalvik/2.1.0 (linux; u; android 7.0; mix miui/v9.5.1.0.nahcnfa)',
  4 => 'ctl=videosmall,act=svlistcom.alibaba.fastjson.JSONException: syntax error, expect {, actual error, pos 0',
)

执行日期：2019-01-10-13：49：30
array (
  0 => 'android',
  1 => '5.9.7',
  2 => '20190110',
  3 => 'dalvik/2.1.0 (linux; u; android 8.1.0; paam00 build/opm1.171019.011)',
  4 => 'ctl=videosmall,act=svlistcom.alibaba.fastjson.JSONException: syntax error, expect {, actual error, pos 0',
)

执行日期：2019-01-10-13：49：30
array (
  0 => 'android',
  1 => '5.9.7',
  2 => '20190110',
  3 => 'dalvik/2.1.0 (linux; u; android 8.1.0; paam00 build/opm1.171019.011)',
  4 => 'ctl=videosmall,act=svlistcom.alibaba.fastjson.JSONException: syntax error, expect {, actual error, pos 0',
)

执行日期：2019-01-10-13：49：31
array (
  0 => 'android',
  1 => '5.9.7',
  2 => '20190110',
  3 => 'dalvik/2.1.0 (linux; u; android 8.1.0; paam00 build/opm1.171019.011)',
  4 => 'ctl=videosmall,act=svlistcom.alibaba.fastjson.JSONException: syntax error, expect {, actual error, pos 0',
)

执行日期：2019-01-10-13：49：45
array (
  0 => 'android',
  1 => '5.9.7',
  2 => '20190110',
  3 => 'dalvik/2.1.0 (linux; u; android 8.1.0; paam00 build/opm1.171019.011)',
  4 => 'ctl=videosmall,act=svlistcom.alibaba.fastjson.JSONException: syntax error, expect {, actual error, pos 0',
)

执行日期：2019-01-10-13：50：02
array (
  0 => 'android',
  1 => '5.9.7',
  2 => '20190110',
  3 => 'dalvik/2.1.0 (linux; u; android 8.1.0; paam00 build/opm1.171019.011)',
  4 => 'ctl=videosmall,act=svlistcom.alibaba.fastjson.JSONException: syntax error, expect {, actual error, pos 0',
)

执行日期：2019-01-10-13：52：19
array (
  0 => 'android',
  1 => '5.9.7',
  2 => '20190110',
  3 => 'dalvik/2.1.0 (linux; u; android 8.1.0; paam00 build/opm1.171019.011)',
  4 => 'ctl=videosmall,act=svlistcom.alibaba.fastjson.JSONException: syntax error, expect {, actual error, pos 0',
)

执行日期：2019-01-10-14：23：24
array (
  0 => 'android',
  1 => '5.9.7',
  2 => '20190110',
  3 => 'dalvik/2.1.0 (linux; u; android 8.1.0; paam00 build/opm1.171019.011)',
  4 => 'ctl=videosmall,act=svlistcom.alibaba.fastjson.JSONException: syntax error, expect {, actual error, pos 0',
)

执行日期：2019-01-10-14：23：42
array (
  0 => 'android',
  1 => '5.9.7',
  2 => '20190110',
  3 => 'dalvik/2.1.0 (linux; u; android 8.1.0; paam00 build/opm1.171019.011)',
  4 => 'ctl=videosmall,act=svlistcom.alibaba.fastjson.JSONException: syntax error, expect {, actual error, pos 0',
)

执行日期：2019-01-10-14：23：42
array (
  0 => 'android',
  1 => '5.9.7',
  2 => '20190110',
  3 => 'dalvik/2.1.0 (linux; u; android 8.1.0; paam00 build/opm1.171019.011)',
  4 => 'ctl=videosmall,act=svlistcom.alibaba.fastjson.JSONException: syntax error, expect {, actual error, pos 0',
)

执行日期：2019-01-10-14：23：44
array (
  0 => 'android',
  1 => '5.9.7',
  2 => '20190110',
  3 => 'dalvik/2.1.0 (linux; u; android 8.1.0; paam00 build/opm1.171019.011)',
  4 => 'ctl=videosmall,act=svlistcom.alibaba.fastjson.JSONException: syntax error, expect {, actual error, pos 0',
)

执行日期：2019-01-10-14：27：07
array (
  0 => 'android',
  1 => '5.9.7',
  2 => '20190110',
  3 => 'dalvik/2.1.0 (linux; u; android 8.1.0; paam00 build/opm1.171019.011)',
  4 => 'ctl=videosmall,act=svlistcom.alibaba.fastjson.JSONException: syntax error, expect {, actual error, pos 0',
)

执行日期：2019-01-10-14：37：00
array (
  0 => 'android',
  1 => '1.1.8',
  2 => '20190110',
  3 => 'dalvik/1.6.0 (linux; u; android 4.4.2; mi 6  build/nmf26x)',
  4 => 'ctl=videosmall,act=svlistcom.alibaba.fastjson.JSONException: syntax error, expect {, actual error, pos 0',
)

执行日期：2019-01-10-14：37：00
array (
  0 => 'android',
  1 => '1.1.8',
  2 => '20190110',
  3 => 'dalvik/1.6.0 (linux; u; android 4.4.2; mi 6  build/nmf26x)',
  4 => 'ctl=videosmall,act=svlistcom.alibaba.fastjson.JSONException: syntax error, expect {, actual error, pos 0',
)

执行日期：2019-01-10-14：37：09
array (
  0 => 'android',
  1 => '1.1.8',
  2 => '20190110',
  3 => 'dalvik/1.6.0 (linux; u; android 4.4.2; mi 6  build/nmf26x)',
  4 => 'ctl=videosmall,act=svlistcom.alibaba.fastjson.JSONException: syntax error, expect {, actual error, pos 0',
)

执行日期：2019-01-10-14：37：17
array (
  0 => 'android',
  1 => '1.1.8',
  2 => '20190110',
  3 => 'dalvik/1.6.0 (linux; u; android 4.4.2; mi 6  build/nmf26x)',
  4 => 'ctl=videosmall,act=svlistcom.alibaba.fastjson.JSONException: syntax error, expect {, actual error, pos 0',
)

执行日期：2019-01-10-14：37：21
array (
  0 => 'android',
  1 => '1.1.8',
  2 => '20190110',
  3 => 'dalvik/1.6.0 (linux; u; android 4.4.2; mi 6  build/nmf26x)',
  4 => 'ctl=videosmall,act=svlistcom.alibaba.fastjson.JSONException: syntax error, expect {, actual error, pos 0',
)

执行日期：2019-01-10-14：37：43
array (
  0 => 'android',
  1 => '1.1.8',
  2 => '20190110',
  3 => 'dalvik/1.6.0 (linux; u; android 4.4.2; mi 6  build/nmf26x)',
  4 => 'ctl=videosmall,act=svlistcom.alibaba.fastjson.JSONException: syntax error, expect {, actual error, pos 0',
)

执行日期：2019-01-10-14：37：45
array (
  0 => 'android',
  1 => '1.1.8',
  2 => '20190110',
  3 => 'dalvik/1.6.0 (linux; u; android 4.4.2; mi 6  build/nmf26x)',
  4 => 'ctl=videosmall,act=svlistcom.alibaba.fastjson.JSONException: syntax error, expect {, actual error, pos 0',
)

执行日期：2019-01-10-14：37：46
array (
  0 => 'android',
  1 => '1.1.8',
  2 => '20190110',
  3 => 'dalvik/1.6.0 (linux; u; android 4.4.2; mi 6  build/nmf26x)',
  4 => 'ctl=videosmall,act=svlistcom.alibaba.fastjson.JSONException: syntax error, expect {, actual error, pos 0',
)

执行日期：2019-01-10-14：38：26
array (
  0 => 'android',
  1 => '1.1.8',
  2 => '20190110',
  3 => 'dalvik/1.6.0 (linux; u; android 4.4.2; mi 6  build/nmf26x)',
  4 => 'ctl=videosmall,act=svlistcom.alibaba.fastjson.JSONException: syntax error, expect {, actual error, pos 0',
)

执行日期：2019-01-10-14：38：56
array (
  0 => 'android',
  1 => '1.1.8',
  2 => '20190110',
  3 => 'dalvik/1.6.0 (linux; u; android 4.4.2; mi 6  build/nmf26x)',
  4 => 'ctl=videosmall,act=svlistcom.alibaba.fastjson.JSONException: syntax error, expect {, actual error, pos 0',
)

执行日期：2019-01-10-14：38：56
array (
  0 => 'android',
  1 => '1.1.8',
  2 => '20190110',
  3 => 'dalvik/1.6.0 (linux; u; android 4.4.2; mi 6  build/nmf26x)',
  4 => 'ctl=videosmall,act=svlistcom.alibaba.fastjson.JSONException: syntax error, expect {, actual error, pos 0',
)

执行日期：2019-01-10-14：38：57
array (
  0 => 'android',
  1 => '1.1.8',
  2 => '20190110',
  3 => 'dalvik/1.6.0 (linux; u; android 4.4.2; mi 6  build/nmf26x)',
  4 => 'ctl=videosmall,act=svlistcom.alibaba.fastjson.JSONException: syntax error, expect {, actual error, pos 0',
)

执行日期：2019-01-10-14：39：01
array (
  0 => 'android',
  1 => '1.1.8',
  2 => '20190110',
  3 => 'dalvik/1.6.0 (linux; u; android 4.4.2; mi 6  build/nmf26x)',
  4 => 'ctl=videosmall,act=svlistcom.alibaba.fastjson.JSONException: syntax error, expect {, actual error, pos 0',
)

执行日期：2019-01-10-14：39：12
array (
  0 => '/www/wwwroot/live/mapi/lib/pay.action.php',
  1 => 162,
  2 => 'payModule::recharge',
  3 => 
  array (
    'error' => '无任何支付方式',
  ),
)

执行日期：2019-01-10-14：39：14
array (
  0 => 'android',
  1 => '1.1.8',
  2 => '20190110',
  3 => 'dalvik/1.6.0 (linux; u; android 4.4.2; mi 6  build/nmf26x)',
  4 => 'ctl=videosmall,act=svlistcom.alibaba.fastjson.JSONException: syntax error, expect {, actual error, pos 0',
)

执行日期：2019-01-10-14：40：46
array (
  0 => 'android',
  1 => '1.1.8',
  2 => '20190110',
  3 => 'dalvik/1.6.0 (linux; u; android 4.4.2; mi 6  build/nmf26x)',
  4 => 'ctl=videosmall,act=svlistcom.alibaba.fastjson.JSONException: syntax error, expect {, actual error, pos 0',
)

执行日期：2019-01-10-14：41：16
array (
  0 => 'android',
  1 => '1.1.8',
  2 => '20190110',
  3 => 'dalvik/1.6.0 (linux; u; android 4.4.2; mi 6  build/nmf26x)',
  4 => 'ctl=videosmall,act=svlistcom.alibaba.fastjson.JSONException: syntax error, expect {, actual error, pos 0',
)

执行日期：2019-01-10-14：44：19
array (
  0 => 'android',
  1 => '1.1.8',
  2 => '20190110',
  3 => 'dalvik/1.6.0 (linux; u; android 4.4.2; mi 6  build/nmf26x)',
  4 => 'ctl=videosmall,act=svlistcom.alibaba.fastjson.JSONException: syntax error, expect {, actual error, pos 0',
)

执行日期：2019-01-10-14：44：19
array (
  0 => 'android',
  1 => '1.1.8',
  2 => '20190110',
  3 => 'dalvik/1.6.0 (linux; u; android 4.4.2; mi 6  build/nmf26x)',
  4 => 'ctl=videosmall,act=svlistcom.alibaba.fastjson.JSONException: syntax error, expect {, actual error, pos 0',
)

执行日期：2019-01-10-14：45：26
array (
  0 => '/www/wwwroot/live/mapi/lib/pay.action.php',
  1 => 162,
  2 => 'payModule::recharge',
  3 => 
  array (
    'error' => '无任何支付方式',
  ),
)

执行日期：2019-01-10-14：45：28
array (
  0 => 'android',
  1 => '1.1.8',
  2 => '20190110',
  3 => 'dalvik/1.6.0 (linux; u; android 4.4.2; mi 6  build/nmf26x)',
  4 => 'ctl=videosmall,act=svlistcom.alibaba.fastjson.JSONException: syntax error, expect {, actual error, pos 0',
)

执行日期：2019-01-10-14：45：32
array (
  0 => 'android',
  1 => '1.1.8',
  2 => '20190110',
  3 => 'dalvik/1.6.0 (linux; u; android 4.4.2; mi 6  build/nmf26x)',
  4 => 'ctl=videosmall,act=svlistcom.alibaba.fastjson.JSONException: syntax error, expect {, actual error, pos 0',
)

执行日期：2019-01-10-14：45：36
array (
  0 => 'android',
  1 => '1.1.8',
  2 => '20190110',
  3 => 'dalvik/1.6.0 (linux; u; android 4.4.2; mi 6  build/nmf26x)',
  4 => 'ctl=videosmall,act=svlistcom.alibaba.fastjson.JSONException: syntax error, expect {, actual error, pos 0',
)

执行日期：2019-01-10-14：45：48
array (
  0 => 'android',
  1 => '1.1.8',
  2 => '20190110',
  3 => 'dalvik/1.6.0 (linux; u; android 4.4.2; mi 6  build/nmf26x)',
  4 => 'ctl=videosmall,act=svlistcom.alibaba.fastjson.JSONException: syntax error, expect {, actual error, pos 0',
)

执行日期：2019-01-10-14：45：57
array (
  0 => 'android',
  1 => '1.1.8',
  2 => '20190110',
  3 => 'dalvik/1.6.0 (linux; u; android 4.4.2; mi 6  build/nmf26x)',
  4 => 'ctl=videosmall,act=svlistcom.alibaba.fastjson.JSONException: syntax error, expect {, actual error, pos 0',
)

执行日期：2019-01-10-14：45：58
array (
  0 => '/www/wwwroot/live/mapi/lib/pay.action.php',
  1 => 162,
  2 => 'payModule::recharge',
  3 => 
  array (
    'error' => '无任何支付方式',
  ),
)

执行日期：2019-01-10-14：46：00
array (
  0 => 'android',
  1 => '1.1.8',
  2 => '20190110',
  3 => 'dalvik/1.6.0 (linux; u; android 4.4.2; mi 6  build/nmf26x)',
  4 => 'ctl=videosmall,act=svlistcom.alibaba.fastjson.JSONException: syntax error, expect {, actual error, pos 0',
)

执行日期：2019-01-10-14：46：07
array (
  0 => 'android',
  1 => '1.1.8',
  2 => '20190110',
  3 => 'dalvik/1.6.0 (linux; u; android 4.4.2; mi 6  build/nmf26x)',
  4 => 'ctl=videosmall,act=svlistcom.alibaba.fastjson.JSONException: syntax error, expect {, actual error, pos 0',
)

执行日期：2019-01-10-14：46：16
array (
  0 => 'android',
  1 => '1.1.8',
  2 => '20190110',
  3 => 'dalvik/1.6.0 (linux; u; android 4.4.2; mi 6  build/nmf26x)',
  4 => 'ctl=videosmall,act=svlistcom.alibaba.fastjson.JSONException: syntax error, expect {, actual error, pos 0',
)

执行日期：2019-01-10-16：15：11
array (
  0 => 'android',
  1 => '1.1.8',
  2 => '20180928',
  3 => 'dalvik/2.1.0 (linux; u; android 8.0.0; sm-g9550 build/r16nw)',
  4 => 'ctl=user,act=state_changejava.net.SocketException: Connection reset',
)

执行日期：2019-01-10-16：15：11
array (
  0 => 'android',
  1 => '1.1.8',
  2 => '20180928',
  3 => 'dalvik/2.1.0 (linux; u; android 8.0.0; sm-g9550 build/r16nw)',
  4 => 'ctl=index,act=focus_videojava.net.SocketException: Connection reset',
)

执行日期：2019-01-10-16：15：11
array (
  0 => 'android',
  1 => '1.1.8',
  2 => '20180928',
  3 => 'dalvik/2.1.0 (linux; u; android 8.0.0; sm-g9550 build/r16nw)',
  4 => 'ctl=user,act=userinfojava.net.SocketException: Connection reset',
)

执行日期：2019-01-10-16：15：11
array (
  0 => 'android',
  1 => '1.1.8',
  2 => '20180928',
  3 => 'dalvik/2.1.0 (linux; u; android 8.0.0; sm-g9550 build/r16nw)',
  4 => 'ctl=user,act=userinfojava.net.SocketException: Connection reset',
)

执行日期：2019-01-10-16：25：29
array (
  0 => 'android',
  1 => '1.1.8',
  2 => '20180928',
  3 => 'dalvik/2.1.0 (linux; u; android 8.0.0; sm-g9550 build/r16nw)',
  4 => 'ctl=user,act=state_changejava.net.SocketException: Connection reset',
)

执行日期：2019-01-10-16：25：29
array (
  0 => 'android',
  1 => '1.1.8',
  2 => '20180928',
  3 => 'dalvik/2.1.0 (linux; u; android 8.0.0; sm-g9550 build/r16nw)',
  4 => 'ctl=index,act=indexjava.net.SocketException: Connection reset',
)

执行日期：2019-01-10-16：25：40
array (
  0 => 'android',
  1 => '1.1.8',
  2 => '20180928',
  3 => 'dalvik/2.1.0 (linux; u; android 8.0.0; sm-g9550 build/r16nw)',
  4 => 'ctl=videosmall,act=svlistcom.alibaba.fastjson.JSONException: syntax error, expect {, actual error, pos 0',
)

执行日期：2019-01-10-16：25：40
array (
  0 => 'android',
  1 => '1.1.8',
  2 => '20180928',
  3 => 'dalvik/2.1.0 (linux; u; android 8.0.0; sm-g9550 build/r16nw)',
  4 => 'ctl=videosmall,act=svlistcom.alibaba.fastjson.JSONException: syntax error, expect {, actual error, pos 0',
)

执行日期：2019-01-10-16：25：48
array (
  0 => 'android',
  1 => '1.1.8',
  2 => '20180928',
  3 => 'dalvik/2.1.0 (linux; u; android 8.0.0; sm-g9550 build/r16nw)',
  4 => 'ctl=videosmall,act=svlistcom.alibaba.fastjson.JSONException: syntax error, expect {, actual error, pos 0',
)

执行日期：2019-01-10-16：26：46
array (
  0 => 'android',
  1 => '5.9.7',
  2 => '20190110',
  3 => 'dalvik/2.1.0 (linux; u; android 8.0.0; sm-g9550 build/r16nw)',
  4 => 'ctl=videosmall,act=svlistcom.alibaba.fastjson.JSONException: syntax error, expect {, actual error, pos 0',
)

执行日期：2019-01-10-16：26：46
array (
  0 => 'android',
  1 => '5.9.7',
  2 => '20190110',
  3 => 'dalvik/2.1.0 (linux; u; android 8.0.0; sm-g9550 build/r16nw)',
  4 => 'ctl=videosmall,act=svlistcom.alibaba.fastjson.JSONException: syntax error, expect {, actual error, pos 0',
)

