执行日期：2019-02-05-19：43：09
array (
  0 => 'android',
  1 => '1.1.9',
  2 => '20190203',
  3 => 'dalvik/2.1.0 (linux; u; android 6.0.1; mumu build/v417ir)',
  4 => 'ctl=app,act=initjava.net.SocketTimeoutException: failed to connect to zb.ylzb88.com/103.100.141.166 (port 80) after 15000ms',
)

执行日期：2019-02-05-19：43：10
array (
  0 => 'android',
  1 => '1.1.9',
  2 => '20190203',
  3 => 'dalvik/2.1.0 (linux; u; android 6.0.1; mumu build/v417ir)',
  4 => 'ctl=app,act=initjava.net.SocketTimeoutException: failed to connect to zb.ylzb88.com/103.100.141.166 (port 80) after 15000ms',
)

执行日期：2019-02-05-19：52：27
array (
  0 => 'android',
  1 => '1.1.9',
  2 => '20190203',
  3 => 'dalvik/2.1.0 (linux; u; android 6.0.1; mumu build/v417ir)',
  4 => 'ctl=index,act=indexcom.alibaba.fastjson.JSONException: syntax error, expect {, actual error, pos 0',
)

执行日期：2019-02-05-19：52：27
array (
  0 => 'android',
  1 => '1.1.9',
  2 => '20190203',
  3 => 'dalvik/2.1.0 (linux; u; android 6.0.1; mumu build/v417ir)',
  4 => 'ctl=index,act=new_videocom.alibaba.fastjson.JSONException: syntax error, expect {, actual error, pos 0',
)

执行日期：2019-02-05-19：52：44
array (
  0 => 'android',
  1 => '1.1.9',
  2 => '20190203',
  3 => 'dalvik/2.1.0 (linux; u; android 6.0.1; mumu build/v417ir)',
  4 => 'ctl=index,act=indexcom.alibaba.fastjson.JSONException: syntax error, expect {, actual error, pos 0',
)

执行日期：2019-02-05-19：52：44
array (
  0 => 'android',
  1 => '1.1.9',
  2 => '20190203',
  3 => 'dalvik/2.1.0 (linux; u; android 6.0.1; mumu build/v417ir)',
  4 => 'ctl=index,act=new_videocom.alibaba.fastjson.JSONException: syntax error, expect {, actual error, pos 0',
)

执行日期：2019-02-05-19：53：04
array (
  0 => 'android',
  1 => '1.1.9',
  2 => '20190203',
  3 => 'dalvik/2.1.0 (linux; u; android 6.0.1; mumu build/v417ir)',
  4 => 'ctl=index,act=new_videocom.alibaba.fastjson.JSONException: syntax error, expect {, actual error, pos 0',
)

执行日期：2019-02-05-19：53：04
array (
  0 => 'android',
  1 => '1.1.9',
  2 => '20190203',
  3 => 'dalvik/2.1.0 (linux; u; android 6.0.1; mumu build/v417ir)',
  4 => 'ctl=index,act=indexcom.alibaba.fastjson.JSONException: syntax error, expect {, actual error, pos 0',
)

执行日期：2019-02-05-19：53：07
array (
  0 => 'android',
  1 => '2.6.0',
  2 => '2019012212',
  3 => 'dalvik/2.1.0 (linux; u; android 8.0.0; lnd-al30 build/honorlnd-al30)',
  4 => 'ctl=app,act=initcom.google.gson.JsonSyntaxException: java.lang.IllegalStateException: Expected BEGIN_OBJECT but was STRING at line 1 column 1 path $',
)

执行日期：2019-02-05-19：53：07
array (
  0 => 'android',
  1 => '2.6.0',
  2 => '2019012212',
  3 => 'dalvik/2.1.0 (linux; u; android 8.0.0; lnd-al30 build/honorlnd-al30)',
  4 => 'ctl=app,act=initcom.google.gson.JsonSyntaxException: java.lang.IllegalStateException: Expected BEGIN_OBJECT but was STRING at line 1 column 1 path $',
)

执行日期：2019-02-05-19：53：07
array (
  0 => 'android',
  1 => '2.6.0',
  2 => '2019012212',
  3 => 'dalvik/2.1.0 (linux; u; android 8.0.0; lnd-al30 build/honorlnd-al30)',
  4 => 'ctl=app,act=initcom.google.gson.JsonSyntaxException: java.lang.IllegalStateException: Expected BEGIN_OBJECT but was STRING at line 1 column 1 path $',
)

执行日期：2019-02-05-19：53：07
array (
  0 => 'android',
  1 => '2.6.0',
  2 => '2019012212',
  3 => 'dalvik/2.1.0 (linux; u; android 8.0.0; lnd-al30 build/honorlnd-al30)',
  4 => 'ctl=app,act=initcom.google.gson.JsonSyntaxException: java.lang.IllegalStateException: Expected BEGIN_OBJECT but was STRING at line 1 column 1 path $',
)

执行日期：2019-02-05-19：53：13
array (
  0 => 'android',
  1 => '2.6.0',
  2 => '2019012212',
  3 => 'dalvik/2.1.0 (linux; u; android 8.0.0; lnd-al30 build/honorlnd-al30)',
  4 => 'ctl=app,act=initcom.google.gson.JsonSyntaxException: java.lang.IllegalStateException: Expected BEGIN_OBJECT but was STRING at line 1 column 1 path $',
)

执行日期：2019-02-05-19：53：13
array (
  0 => 'android',
  1 => '2.6.0',
  2 => '2019012212',
  3 => 'dalvik/2.1.0 (linux; u; android 8.0.0; lnd-al30 build/honorlnd-al30)',
  4 => 'ctl=app,act=initcom.google.gson.JsonSyntaxException: java.lang.IllegalStateException: Expected BEGIN_OBJECT but was STRING at line 1 column 1 path $',
)

执行日期：2019-02-05-19：53：18
array (
  0 => 'android',
  1 => '2.6.0',
  2 => '2019012212',
  3 => 'dalvik/2.1.0 (linux; u; android 8.0.0; lnd-al30 build/honorlnd-al30)',
  4 => 'ctl=app,act=initcom.google.gson.JsonSyntaxException: java.lang.IllegalStateException: Expected BEGIN_OBJECT but was STRING at line 1 column 1 path $',
)

执行日期：2019-02-05-19：53：18
array (
  0 => 'android',
  1 => '2.6.0',
  2 => '2019012212',
  3 => 'dalvik/2.1.0 (linux; u; android 8.0.0; lnd-al30 build/honorlnd-al30)',
  4 => 'ctl=app,act=initcom.google.gson.JsonSyntaxException: java.lang.IllegalStateException: Expected BEGIN_OBJECT but was STRING at line 1 column 1 path $',
)

执行日期：2019-02-05-19：53：23
array (
  0 => 'android',
  1 => '2.6.0',
  2 => '2019012212',
  3 => 'dalvik/2.1.0 (linux; u; android 8.0.0; lnd-al30 build/honorlnd-al30)',
  4 => 'ctl=app,act=initcom.google.gson.JsonSyntaxException: java.lang.IllegalStateException: Expected BEGIN_OBJECT but was STRING at line 1 column 1 path $',
)

执行日期：2019-02-05-19：53：23
array (
  0 => 'android',
  1 => '2.6.0',
  2 => '2019012212',
  3 => 'dalvik/2.1.0 (linux; u; android 8.0.0; lnd-al30 build/honorlnd-al30)',
  4 => 'ctl=app,act=initcom.google.gson.JsonSyntaxException: java.lang.IllegalStateException: Expected BEGIN_OBJECT but was STRING at line 1 column 1 path $',
)

执行日期：2019-02-05-19：53：24
array (
  0 => 'android',
  1 => '1.1.9',
  2 => '20190203',
  3 => 'dalvik/2.1.0 (linux; u; android 6.0.1; mumu build/v417ir)',
  4 => 'ctl=index,act=new_videocom.alibaba.fastjson.JSONException: syntax error, expect {, actual error, pos 0',
)

执行日期：2019-02-05-19：53：24
array (
  0 => 'android',
  1 => '1.1.9',
  2 => '20190203',
  3 => 'dalvik/2.1.0 (linux; u; android 6.0.1; mumu build/v417ir)',
  4 => 'ctl=index,act=indexcom.alibaba.fastjson.JSONException: syntax error, expect {, actual error, pos 0',
)

执行日期：2019-02-05-19：53：29
array (
  0 => 'android',
  1 => '2.6.0',
  2 => '2019012212',
  3 => 'dalvik/2.1.0 (linux; u; android 8.0.0; lnd-al30 build/honorlnd-al30)',
  4 => 'ctl=app,act=initcom.google.gson.JsonSyntaxException: java.lang.IllegalStateException: Expected BEGIN_OBJECT but was STRING at line 1 column 1 path $',
)

执行日期：2019-02-05-19：53：29
array (
  0 => 'android',
  1 => '2.6.0',
  2 => '2019012212',
  3 => 'dalvik/2.1.0 (linux; u; android 8.0.0; lnd-al30 build/honorlnd-al30)',
  4 => 'ctl=app,act=initcom.google.gson.JsonSyntaxException: java.lang.IllegalStateException: Expected BEGIN_OBJECT but was STRING at line 1 column 1 path $',
)

执行日期：2019-02-05-19：53：34
array (
  0 => 'android',
  1 => '2.6.0',
  2 => '2019012212',
  3 => 'dalvik/2.1.0 (linux; u; android 8.0.0; lnd-al30 build/honorlnd-al30)',
  4 => 'ctl=app,act=initcom.google.gson.JsonSyntaxException: java.lang.IllegalStateException: Expected BEGIN_OBJECT but was STRING at line 1 column 1 path $',
)

执行日期：2019-02-05-19：53：34
array (
  0 => 'android',
  1 => '2.6.0',
  2 => '2019012212',
  3 => 'dalvik/2.1.0 (linux; u; android 8.0.0; lnd-al30 build/honorlnd-al30)',
  4 => 'ctl=app,act=initcom.google.gson.JsonSyntaxException: java.lang.IllegalStateException: Expected BEGIN_OBJECT but was STRING at line 1 column 1 path $',
)

执行日期：2019-02-05-19：53：40
array (
  0 => 'android',
  1 => '2.6.0',
  2 => '2019012212',
  3 => 'dalvik/2.1.0 (linux; u; android 8.0.0; lnd-al30 build/honorlnd-al30)',
  4 => 'ctl=app,act=initcom.google.gson.JsonSyntaxException: java.lang.IllegalStateException: Expected BEGIN_OBJECT but was STRING at line 1 column 1 path $',
)

执行日期：2019-02-05-19：53：40
array (
  0 => 'android',
  1 => '2.6.0',
  2 => '2019012212',
  3 => 'dalvik/2.1.0 (linux; u; android 8.0.0; lnd-al30 build/honorlnd-al30)',
  4 => 'ctl=app,act=initcom.google.gson.JsonSyntaxException: java.lang.IllegalStateException: Expected BEGIN_OBJECT but was STRING at line 1 column 1 path $',
)

执行日期：2019-02-05-19：53：44
array (
  0 => 'android',
  1 => '1.1.9',
  2 => '20190203',
  3 => 'dalvik/2.1.0 (linux; u; android 6.0.1; mumu build/v417ir)',
  4 => 'ctl=index,act=indexcom.alibaba.fastjson.JSONException: syntax error, expect {, actual error, pos 0',
)

执行日期：2019-02-05-19：53：44
array (
  0 => 'android',
  1 => '1.1.9',
  2 => '20190203',
  3 => 'dalvik/2.1.0 (linux; u; android 6.0.1; mumu build/v417ir)',
  4 => 'ctl=index,act=new_videocom.alibaba.fastjson.JSONException: syntax error, expect {, actual error, pos 0',
)

执行日期：2019-02-05-19：53：46
array (
  0 => 'android',
  1 => '2.6.0',
  2 => '2019012212',
  3 => 'dalvik/2.1.0 (linux; u; android 8.0.0; lnd-al30 build/honorlnd-al30)',
  4 => 'ctl=app,act=initcom.google.gson.JsonSyntaxException: java.lang.IllegalStateException: Expected BEGIN_OBJECT but was STRING at line 1 column 1 path $',
)

执行日期：2019-02-05-19：53：46
array (
  0 => 'android',
  1 => '2.6.0',
  2 => '2019012212',
  3 => 'dalvik/2.1.0 (linux; u; android 8.0.0; lnd-al30 build/honorlnd-al30)',
  4 => 'ctl=app,act=initcom.google.gson.JsonSyntaxException: java.lang.IllegalStateException: Expected BEGIN_OBJECT but was STRING at line 1 column 1 path $',
)

执行日期：2019-02-05-19：53：52
array (
  0 => 'android',
  1 => '2.6.0',
  2 => '2019012212',
  3 => 'dalvik/2.1.0 (linux; u; android 8.0.0; lnd-al30 build/honorlnd-al30)',
  4 => 'ctl=app,act=initcom.google.gson.JsonSyntaxException: java.lang.IllegalStateException: Expected BEGIN_OBJECT but was STRING at line 1 column 1 path $',
)

执行日期：2019-02-05-19：53：52
array (
  0 => 'android',
  1 => '2.6.0',
  2 => '2019012212',
  3 => 'dalvik/2.1.0 (linux; u; android 8.0.0; lnd-al30 build/honorlnd-al30)',
  4 => 'ctl=app,act=initcom.google.gson.JsonSyntaxException: java.lang.IllegalStateException: Expected BEGIN_OBJECT but was STRING at line 1 column 1 path $',
)

执行日期：2019-02-05-19：53：57
array (
  0 => 'android',
  1 => '2.6.0',
  2 => '2019012212',
  3 => 'dalvik/2.1.0 (linux; u; android 8.0.0; lnd-al30 build/honorlnd-al30)',
  4 => 'ctl=app,act=initcom.google.gson.JsonSyntaxException: java.lang.IllegalStateException: Expected BEGIN_OBJECT but was STRING at line 1 column 1 path $',
)

执行日期：2019-02-05-19：53：57
array (
  0 => 'android',
  1 => '2.6.0',
  2 => '2019012212',
  3 => 'dalvik/2.1.0 (linux; u; android 8.0.0; lnd-al30 build/honorlnd-al30)',
  4 => 'ctl=app,act=initcom.google.gson.JsonSyntaxException: java.lang.IllegalStateException: Expected BEGIN_OBJECT but was STRING at line 1 column 1 path $',
)

执行日期：2019-02-05-19：54：03
array (
  0 => 'android',
  1 => '2.6.0',
  2 => '2019012212',
  3 => 'dalvik/2.1.0 (linux; u; android 8.0.0; lnd-al30 build/honorlnd-al30)',
  4 => 'ctl=app,act=initcom.google.gson.JsonSyntaxException: java.lang.IllegalStateException: Expected BEGIN_OBJECT but was STRING at line 1 column 1 path $',
)

执行日期：2019-02-05-19：54：03
array (
  0 => 'android',
  1 => '2.6.0',
  2 => '2019012212',
  3 => 'dalvik/2.1.0 (linux; u; android 8.0.0; lnd-al30 build/honorlnd-al30)',
  4 => 'ctl=app,act=initcom.google.gson.JsonSyntaxException: java.lang.IllegalStateException: Expected BEGIN_OBJECT but was STRING at line 1 column 1 path $',
)

执行日期：2019-02-05-19：54：04
array (
  0 => 'android',
  1 => '1.1.9',
  2 => '20190203',
  3 => 'dalvik/2.1.0 (linux; u; android 6.0.1; mumu build/v417ir)',
  4 => 'ctl=index,act=new_videocom.alibaba.fastjson.JSONException: syntax error, expect {, actual error, pos 0',
)

执行日期：2019-02-05-19：54：04
array (
  0 => 'android',
  1 => '1.1.9',
  2 => '20190203',
  3 => 'dalvik/2.1.0 (linux; u; android 6.0.1; mumu build/v417ir)',
  4 => 'ctl=index,act=indexcom.alibaba.fastjson.JSONException: syntax error, expect {, actual error, pos 0',
)

执行日期：2019-02-05-19：54：09
array (
  0 => 'android',
  1 => '2.6.0',
  2 => '2019012212',
  3 => 'dalvik/2.1.0 (linux; u; android 8.0.0; lnd-al30 build/honorlnd-al30)',
  4 => 'ctl=app,act=initcom.google.gson.JsonSyntaxException: java.lang.IllegalStateException: Expected BEGIN_OBJECT but was STRING at line 1 column 1 path $',
)

执行日期：2019-02-05-19：54：09
array (
  0 => 'android',
  1 => '2.6.0',
  2 => '2019012212',
  3 => 'dalvik/2.1.0 (linux; u; android 8.0.0; lnd-al30 build/honorlnd-al30)',
  4 => 'ctl=app,act=initcom.google.gson.JsonSyntaxException: java.lang.IllegalStateException: Expected BEGIN_OBJECT but was STRING at line 1 column 1 path $',
)

执行日期：2019-02-05-19：54：14
array (
  0 => 'android',
  1 => '2.6.0',
  2 => '2019012212',
  3 => 'dalvik/2.1.0 (linux; u; android 8.0.0; lnd-al30 build/honorlnd-al30)',
  4 => 'ctl=app,act=initcom.google.gson.JsonSyntaxException: java.lang.IllegalStateException: Expected BEGIN_OBJECT but was STRING at line 1 column 1 path $',
)

执行日期：2019-02-05-19：54：14
array (
  0 => 'android',
  1 => '2.6.0',
  2 => '2019012212',
  3 => 'dalvik/2.1.0 (linux; u; android 8.0.0; lnd-al30 build/honorlnd-al30)',
  4 => 'ctl=app,act=initcom.google.gson.JsonSyntaxException: java.lang.IllegalStateException: Expected BEGIN_OBJECT but was STRING at line 1 column 1 path $',
)

执行日期：2019-02-05-19：54：19
array (
  0 => 'android',
  1 => '2.6.0',
  2 => '2019012212',
  3 => 'dalvik/2.1.0 (linux; u; android 8.0.0; lnd-al30 build/honorlnd-al30)',
  4 => 'ctl=app,act=initcom.google.gson.JsonSyntaxException: java.lang.IllegalStateException: Expected BEGIN_OBJECT but was STRING at line 1 column 1 path $',
)

执行日期：2019-02-05-19：54：20
array (
  0 => 'android',
  1 => '2.6.0',
  2 => '2019012212',
  3 => 'dalvik/2.1.0 (linux; u; android 8.0.0; lnd-al30 build/honorlnd-al30)',
  4 => 'ctl=app,act=initcom.google.gson.JsonSyntaxException: java.lang.IllegalStateException: Expected BEGIN_OBJECT but was STRING at line 1 column 1 path $',
)

执行日期：2019-02-05-19：54：24
array (
  0 => 'android',
  1 => '1.1.9',
  2 => '20190203',
  3 => 'dalvik/2.1.0 (linux; u; android 6.0.1; mumu build/v417ir)',
  4 => 'ctl=index,act=new_videocom.alibaba.fastjson.JSONException: syntax error, expect {, actual error, pos 0',
)

执行日期：2019-02-05-19：54：24
array (
  0 => 'android',
  1 => '1.1.9',
  2 => '20190203',
  3 => 'dalvik/2.1.0 (linux; u; android 6.0.1; mumu build/v417ir)',
  4 => 'ctl=index,act=indexcom.alibaba.fastjson.JSONException: syntax error, expect {, actual error, pos 0',
)

执行日期：2019-02-05-19：54：25
array (
  0 => 'android',
  1 => '2.6.0',
  2 => '2019012212',
  3 => 'dalvik/2.1.0 (linux; u; android 8.0.0; lnd-al30 build/honorlnd-al30)',
  4 => 'ctl=app,act=initcom.google.gson.JsonSyntaxException: java.lang.IllegalStateException: Expected BEGIN_OBJECT but was STRING at line 1 column 1 path $',
)

执行日期：2019-02-05-19：54：25
array (
  0 => 'android',
  1 => '2.6.0',
  2 => '2019012212',
  3 => 'dalvik/2.1.0 (linux; u; android 8.0.0; lnd-al30 build/honorlnd-al30)',
  4 => 'ctl=app,act=initcom.google.gson.JsonSyntaxException: java.lang.IllegalStateException: Expected BEGIN_OBJECT but was STRING at line 1 column 1 path $',
)

执行日期：2019-02-05-19：54：30
array (
  0 => 'android',
  1 => '2.6.0',
  2 => '2019012212',
  3 => 'dalvik/2.1.0 (linux; u; android 8.0.0; lnd-al30 build/honorlnd-al30)',
  4 => 'ctl=app,act=initcom.google.gson.JsonSyntaxException: java.lang.IllegalStateException: Expected BEGIN_OBJECT but was STRING at line 1 column 1 path $',
)

执行日期：2019-02-05-19：54：30
array (
  0 => 'android',
  1 => '2.6.0',
  2 => '2019012212',
  3 => 'dalvik/2.1.0 (linux; u; android 8.0.0; lnd-al30 build/honorlnd-al30)',
  4 => 'ctl=app,act=initcom.google.gson.JsonSyntaxException: java.lang.IllegalStateException: Expected BEGIN_OBJECT but was STRING at line 1 column 1 path $',
)

执行日期：2019-02-05-19：54：36
array (
  0 => 'android',
  1 => '2.6.0',
  2 => '2019012212',
  3 => 'dalvik/2.1.0 (linux; u; android 8.0.0; lnd-al30 build/honorlnd-al30)',
  4 => 'ctl=app,act=initcom.google.gson.JsonSyntaxException: java.lang.IllegalStateException: Expected BEGIN_OBJECT but was STRING at line 1 column 1 path $',
)

执行日期：2019-02-05-19：54：36
array (
  0 => 'android',
  1 => '2.6.0',
  2 => '2019012212',
  3 => 'dalvik/2.1.0 (linux; u; android 8.0.0; lnd-al30 build/honorlnd-al30)',
  4 => 'ctl=app,act=initcom.google.gson.JsonSyntaxException: java.lang.IllegalStateException: Expected BEGIN_OBJECT but was STRING at line 1 column 1 path $',
)

执行日期：2019-02-05-19：54：41
array (
  0 => 'android',
  1 => '2.6.0',
  2 => '2019012212',
  3 => 'dalvik/2.1.0 (linux; u; android 8.0.0; lnd-al30 build/honorlnd-al30)',
  4 => 'ctl=app,act=initcom.google.gson.JsonSyntaxException: java.lang.IllegalStateException: Expected BEGIN_OBJECT but was STRING at line 1 column 1 path $',
)

执行日期：2019-02-05-19：54：41
array (
  0 => 'android',
  1 => '2.6.0',
  2 => '2019012212',
  3 => 'dalvik/2.1.0 (linux; u; android 8.0.0; lnd-al30 build/honorlnd-al30)',
  4 => 'ctl=app,act=initcom.google.gson.JsonSyntaxException: java.lang.IllegalStateException: Expected BEGIN_OBJECT but was STRING at line 1 column 1 path $',
)

执行日期：2019-02-05-19：54：44
array (
  0 => 'android',
  1 => '1.1.9',
  2 => '20190203',
  3 => 'dalvik/2.1.0 (linux; u; android 6.0.1; mumu build/v417ir)',
  4 => 'ctl=index,act=new_videocom.alibaba.fastjson.JSONException: syntax error, expect {, actual error, pos 0',
)

执行日期：2019-02-05-19：54：44
array (
  0 => 'android',
  1 => '1.1.9',
  2 => '20190203',
  3 => 'dalvik/2.1.0 (linux; u; android 6.0.1; mumu build/v417ir)',
  4 => 'ctl=index,act=indexcom.alibaba.fastjson.JSONException: syntax error, expect {, actual error, pos 0',
)

执行日期：2019-02-05-19：54：47
array (
  0 => 'android',
  1 => '2.6.0',
  2 => '2019012212',
  3 => 'dalvik/2.1.0 (linux; u; android 8.0.0; lnd-al30 build/honorlnd-al30)',
  4 => 'ctl=app,act=initcom.google.gson.JsonSyntaxException: java.lang.IllegalStateException: Expected BEGIN_OBJECT but was STRING at line 1 column 1 path $',
)

执行日期：2019-02-05-19：54：47
array (
  0 => 'android',
  1 => '2.6.0',
  2 => '2019012212',
  3 => 'dalvik/2.1.0 (linux; u; android 8.0.0; lnd-al30 build/honorlnd-al30)',
  4 => 'ctl=app,act=initcom.google.gson.JsonSyntaxException: java.lang.IllegalStateException: Expected BEGIN_OBJECT but was STRING at line 1 column 1 path $',
)

执行日期：2019-02-05-19：54：52
array (
  0 => 'android',
  1 => '2.6.0',
  2 => '2019012212',
  3 => 'dalvik/2.1.0 (linux; u; android 8.0.0; lnd-al30 build/honorlnd-al30)',
  4 => 'ctl=app,act=initcom.google.gson.JsonSyntaxException: java.lang.IllegalStateException: Expected BEGIN_OBJECT but was STRING at line 1 column 1 path $',
)

执行日期：2019-02-05-19：54：52
array (
  0 => 'android',
  1 => '2.6.0',
  2 => '2019012212',
  3 => 'dalvik/2.1.0 (linux; u; android 8.0.0; lnd-al30 build/honorlnd-al30)',
  4 => 'ctl=app,act=initcom.google.gson.JsonSyntaxException: java.lang.IllegalStateException: Expected BEGIN_OBJECT but was STRING at line 1 column 1 path $',
)

执行日期：2019-02-05-19：54：57
array (
  0 => 'android',
  1 => '2.6.0',
  2 => '2019012212',
  3 => 'dalvik/2.1.0 (linux; u; android 8.0.0; lnd-al30 build/honorlnd-al30)',
  4 => 'ctl=app,act=initcom.google.gson.JsonSyntaxException: java.lang.IllegalStateException: Expected BEGIN_OBJECT but was STRING at line 1 column 1 path $',
)

执行日期：2019-02-05-19：54：57
array (
  0 => 'android',
  1 => '2.6.0',
  2 => '2019012212',
  3 => 'dalvik/2.1.0 (linux; u; android 8.0.0; lnd-al30 build/honorlnd-al30)',
  4 => 'ctl=app,act=initcom.google.gson.JsonSyntaxException: java.lang.IllegalStateException: Expected BEGIN_OBJECT but was STRING at line 1 column 1 path $',
)

执行日期：2019-02-05-19：55：03
array (
  0 => 'android',
  1 => '2.6.0',
  2 => '2019012212',
  3 => 'dalvik/2.1.0 (linux; u; android 8.0.0; lnd-al30 build/honorlnd-al30)',
  4 => 'ctl=app,act=initcom.google.gson.JsonSyntaxException: java.lang.IllegalStateException: Expected BEGIN_OBJECT but was STRING at line 1 column 1 path $',
)

执行日期：2019-02-05-19：55：03
array (
  0 => 'android',
  1 => '2.6.0',
  2 => '2019012212',
  3 => 'dalvik/2.1.0 (linux; u; android 8.0.0; lnd-al30 build/honorlnd-al30)',
  4 => 'ctl=app,act=initcom.google.gson.JsonSyntaxException: java.lang.IllegalStateException: Expected BEGIN_OBJECT but was STRING at line 1 column 1 path $',
)

执行日期：2019-02-05-19：55：04
array (
  0 => 'android',
  1 => '1.1.9',
  2 => '20190203',
  3 => 'dalvik/2.1.0 (linux; u; android 6.0.1; mumu build/v417ir)',
  4 => 'ctl=index,act=new_videocom.alibaba.fastjson.JSONException: syntax error, expect {, actual error, pos 0',
)

执行日期：2019-02-05-19：55：04
array (
  0 => 'android',
  1 => '1.1.9',
  2 => '20190203',
  3 => 'dalvik/2.1.0 (linux; u; android 6.0.1; mumu build/v417ir)',
  4 => 'ctl=index,act=indexcom.alibaba.fastjson.JSONException: syntax error, expect {, actual error, pos 0',
)

执行日期：2019-02-05-19：55：08
array (
  0 => 'android',
  1 => '2.6.0',
  2 => '2019012212',
  3 => 'dalvik/2.1.0 (linux; u; android 8.0.0; lnd-al30 build/honorlnd-al30)',
  4 => 'ctl=app,act=initcom.google.gson.JsonSyntaxException: java.lang.IllegalStateException: Expected BEGIN_OBJECT but was STRING at line 1 column 1 path $',
)

执行日期：2019-02-05-19：55：08
array (
  0 => 'android',
  1 => '2.6.0',
  2 => '2019012212',
  3 => 'dalvik/2.1.0 (linux; u; android 8.0.0; lnd-al30 build/honorlnd-al30)',
  4 => 'ctl=app,act=initcom.google.gson.JsonSyntaxException: java.lang.IllegalStateException: Expected BEGIN_OBJECT but was STRING at line 1 column 1 path $',
)

执行日期：2019-02-05-19：55：15
array (
  0 => 'android',
  1 => '2.6.0',
  2 => '2019012212',
  3 => 'dalvik/2.1.0 (linux; u; android 8.0.0; lnd-al30 build/honorlnd-al30)',
  4 => 'ctl=app,act=initcom.google.gson.JsonSyntaxException: java.lang.IllegalStateException: Expected BEGIN_OBJECT but was STRING at line 1 column 1 path $',
)

执行日期：2019-02-05-19：55：15
array (
  0 => 'android',
  1 => '2.6.0',
  2 => '2019012212',
  3 => 'dalvik/2.1.0 (linux; u; android 8.0.0; lnd-al30 build/honorlnd-al30)',
  4 => 'ctl=app,act=initcom.google.gson.JsonSyntaxException: java.lang.IllegalStateException: Expected BEGIN_OBJECT but was STRING at line 1 column 1 path $',
)

执行日期：2019-02-05-19：55：20
array (
  0 => 'android',
  1 => '2.6.0',
  2 => '2019012212',
  3 => 'dalvik/2.1.0 (linux; u; android 8.0.0; lnd-al30 build/honorlnd-al30)',
  4 => 'ctl=app,act=initcom.google.gson.JsonSyntaxException: java.lang.IllegalStateException: Expected BEGIN_OBJECT but was STRING at line 1 column 1 path $',
)

执行日期：2019-02-05-19：55：20
array (
  0 => 'android',
  1 => '2.6.0',
  2 => '2019012212',
  3 => 'dalvik/2.1.0 (linux; u; android 8.0.0; lnd-al30 build/honorlnd-al30)',
  4 => 'ctl=app,act=initcom.google.gson.JsonSyntaxException: java.lang.IllegalStateException: Expected BEGIN_OBJECT but was STRING at line 1 column 1 path $',
)

执行日期：2019-02-05-19：55：25
array (
  0 => 'android',
  1 => '1.1.9',
  2 => '20190203',
  3 => 'dalvik/2.1.0 (linux; u; android 6.0.1; mumu build/v417ir)',
  4 => 'ctl=index,act=indexcom.alibaba.fastjson.JSONException: syntax error, expect {, actual error, pos 0',
)

执行日期：2019-02-05-19：55：25
array (
  0 => 'android',
  1 => '2.6.0',
  2 => '2019012212',
  3 => 'dalvik/2.1.0 (linux; u; android 8.0.0; lnd-al30 build/honorlnd-al30)',
  4 => 'ctl=app,act=initcom.google.gson.JsonSyntaxException: java.lang.IllegalStateException: Expected BEGIN_OBJECT but was STRING at line 1 column 1 path $',
)

执行日期：2019-02-05-19：55：26
array (
  0 => 'android',
  1 => '2.6.0',
  2 => '2019012212',
  3 => 'dalvik/2.1.0 (linux; u; android 8.0.0; lnd-al30 build/honorlnd-al30)',
  4 => 'ctl=app,act=initcom.google.gson.JsonSyntaxException: java.lang.IllegalStateException: Expected BEGIN_OBJECT but was STRING at line 1 column 1 path $',
)

执行日期：2019-02-05-19：55：27
array (
  0 => 'android',
  1 => '1.1.9',
  2 => '20190203',
  3 => 'dalvik/2.1.0 (linux; u; android 6.0.1; mumu build/v417ir)',
  4 => 'ctl=index,act=new_videocom.alibaba.fastjson.JSONException: syntax error, expect {, actual error, pos 0',
)

执行日期：2019-02-05-19：55：31
array (
  0 => 'android',
  1 => '2.6.0',
  2 => '2019012212',
  3 => 'dalvik/2.1.0 (linux; u; android 8.0.0; lnd-al30 build/honorlnd-al30)',
  4 => 'ctl=app,act=initcom.google.gson.JsonSyntaxException: java.lang.IllegalStateException: Expected BEGIN_OBJECT but was STRING at line 1 column 1 path $',
)

执行日期：2019-02-05-19：55：31
array (
  0 => 'android',
  1 => '2.6.0',
  2 => '2019012212',
  3 => 'dalvik/2.1.0 (linux; u; android 8.0.0; lnd-al30 build/honorlnd-al30)',
  4 => 'ctl=app,act=initcom.google.gson.JsonSyntaxException: java.lang.IllegalStateException: Expected BEGIN_OBJECT but was STRING at line 1 column 1 path $',
)

执行日期：2019-02-05-19：55：36
array (
  0 => 'android',
  1 => '2.6.0',
  2 => '2019012212',
  3 => 'dalvik/2.1.0 (linux; u; android 8.0.0; lnd-al30 build/honorlnd-al30)',
  4 => 'ctl=app,act=initcom.google.gson.JsonSyntaxException: java.lang.IllegalStateException: Expected BEGIN_OBJECT but was STRING at line 1 column 1 path $',
)

执行日期：2019-02-05-19：55：36
array (
  0 => 'android',
  1 => '2.6.0',
  2 => '2019012212',
  3 => 'dalvik/2.1.0 (linux; u; android 8.0.0; lnd-al30 build/honorlnd-al30)',
  4 => 'ctl=app,act=initcom.google.gson.JsonSyntaxException: java.lang.IllegalStateException: Expected BEGIN_OBJECT but was STRING at line 1 column 1 path $',
)

执行日期：2019-02-05-19：55：42
array (
  0 => 'android',
  1 => '2.6.0',
  2 => '2019012212',
  3 => 'dalvik/2.1.0 (linux; u; android 8.0.0; lnd-al30 build/honorlnd-al30)',
  4 => 'ctl=app,act=initcom.google.gson.JsonSyntaxException: java.lang.IllegalStateException: Expected BEGIN_OBJECT but was STRING at line 1 column 1 path $',
)

执行日期：2019-02-05-19：55：42
array (
  0 => 'android',
  1 => '2.6.0',
  2 => '2019012212',
  3 => 'dalvik/2.1.0 (linux; u; android 8.0.0; lnd-al30 build/honorlnd-al30)',
  4 => 'ctl=app,act=initcom.google.gson.JsonSyntaxException: java.lang.IllegalStateException: Expected BEGIN_OBJECT but was STRING at line 1 column 1 path $',
)

执行日期：2019-02-05-19：55：46
array (
  0 => 'android',
  1 => '1.1.9',
  2 => '20190203',
  3 => 'dalvik/2.1.0 (linux; u; android 6.0.1; mumu build/v417ir)',
  4 => 'ctl=index,act=indexcom.alibaba.fastjson.JSONException: syntax error, expect {, actual error, pos 0',
)

执行日期：2019-02-05-19：55：46
array (
  0 => 'android',
  1 => '1.1.9',
  2 => '20190203',
  3 => 'dalvik/2.1.0 (linux; u; android 6.0.1; mumu build/v417ir)',
  4 => 'ctl=index,act=new_videocom.alibaba.fastjson.JSONException: syntax error, expect {, actual error, pos 0',
)

执行日期：2019-02-05-19：55：48
array (
  0 => 'android',
  1 => '2.6.0',
  2 => '2019012212',
  3 => 'dalvik/2.1.0 (linux; u; android 8.0.0; lnd-al30 build/honorlnd-al30)',
  4 => 'ctl=app,act=initcom.google.gson.JsonSyntaxException: java.lang.IllegalStateException: Expected BEGIN_OBJECT but was STRING at line 1 column 1 path $',
)

执行日期：2019-02-05-19：55：48
array (
  0 => 'android',
  1 => '2.6.0',
  2 => '2019012212',
  3 => 'dalvik/2.1.0 (linux; u; android 8.0.0; lnd-al30 build/honorlnd-al30)',
  4 => 'ctl=app,act=initcom.google.gson.JsonSyntaxException: java.lang.IllegalStateException: Expected BEGIN_OBJECT but was STRING at line 1 column 1 path $',
)

执行日期：2019-02-05-19：55：54
array (
  0 => 'android',
  1 => '2.6.0',
  2 => '2019012212',
  3 => 'dalvik/2.1.0 (linux; u; android 8.0.0; lnd-al30 build/honorlnd-al30)',
  4 => 'ctl=app,act=initcom.google.gson.JsonSyntaxException: java.lang.IllegalStateException: Expected BEGIN_OBJECT but was STRING at line 1 column 1 path $',
)

执行日期：2019-02-05-19：55：54
array (
  0 => 'android',
  1 => '2.6.0',
  2 => '2019012212',
  3 => 'dalvik/2.1.0 (linux; u; android 8.0.0; lnd-al30 build/honorlnd-al30)',
  4 => 'ctl=app,act=initcom.google.gson.JsonSyntaxException: java.lang.IllegalStateException: Expected BEGIN_OBJECT but was STRING at line 1 column 1 path $',
)

执行日期：2019-02-05-19：55：59
array (
  0 => 'android',
  1 => '2.6.0',
  2 => '2019012212',
  3 => 'dalvik/2.1.0 (linux; u; android 8.0.0; lnd-al30 build/honorlnd-al30)',
  4 => 'ctl=app,act=initcom.google.gson.JsonSyntaxException: java.lang.IllegalStateException: Expected BEGIN_OBJECT but was STRING at line 1 column 1 path $',
)

执行日期：2019-02-05-19：55：59
array (
  0 => 'android',
  1 => '2.6.0',
  2 => '2019012212',
  3 => 'dalvik/2.1.0 (linux; u; android 8.0.0; lnd-al30 build/honorlnd-al30)',
  4 => 'ctl=app,act=initcom.google.gson.JsonSyntaxException: java.lang.IllegalStateException: Expected BEGIN_OBJECT but was STRING at line 1 column 1 path $',
)

执行日期：2019-02-05-19：56：05
array (
  0 => 'android',
  1 => '2.6.0',
  2 => '2019012212',
  3 => 'dalvik/2.1.0 (linux; u; android 8.0.0; lnd-al30 build/honorlnd-al30)',
  4 => 'ctl=app,act=initcom.google.gson.JsonSyntaxException: java.lang.IllegalStateException: Expected BEGIN_OBJECT but was STRING at line 1 column 1 path $',
)

执行日期：2019-02-05-19：56：05
array (
  0 => 'android',
  1 => '2.6.0',
  2 => '2019012212',
  3 => 'dalvik/2.1.0 (linux; u; android 8.0.0; lnd-al30 build/honorlnd-al30)',
  4 => 'ctl=app,act=initcom.google.gson.JsonSyntaxException: java.lang.IllegalStateException: Expected BEGIN_OBJECT but was STRING at line 1 column 1 path $',
)

执行日期：2019-02-05-19：56：08
array (
  0 => 'android',
  1 => '1.1.9',
  2 => '20190203',
  3 => 'dalvik/2.1.0 (linux; u; android 6.0.1; mumu build/v417ir)',
  4 => 'ctl=index,act=new_videocom.alibaba.fastjson.JSONException: syntax error, expect {, actual error, pos 0',
)

执行日期：2019-02-05-19：56：08
array (
  0 => 'android',
  1 => '1.1.9',
  2 => '20190203',
  3 => 'dalvik/2.1.0 (linux; u; android 6.0.1; mumu build/v417ir)',
  4 => 'ctl=index,act=indexcom.alibaba.fastjson.JSONException: syntax error, expect {, actual error, pos 0',
)

执行日期：2019-02-05-19：56：10
array (
  0 => 'android',
  1 => '2.6.0',
  2 => '2019012212',
  3 => 'dalvik/2.1.0 (linux; u; android 8.0.0; lnd-al30 build/honorlnd-al30)',
  4 => 'ctl=app,act=initcom.google.gson.JsonSyntaxException: java.lang.IllegalStateException: Expected BEGIN_OBJECT but was STRING at line 1 column 1 path $',
)

执行日期：2019-02-05-19：56：10
array (
  0 => 'android',
  1 => '2.6.0',
  2 => '2019012212',
  3 => 'dalvik/2.1.0 (linux; u; android 8.0.0; lnd-al30 build/honorlnd-al30)',
  4 => 'ctl=app,act=initcom.google.gson.JsonSyntaxException: java.lang.IllegalStateException: Expected BEGIN_OBJECT but was STRING at line 1 column 1 path $',
)

执行日期：2019-02-05-19：56：15
array (
  0 => 'android',
  1 => '2.6.0',
  2 => '2019012212',
  3 => 'dalvik/2.1.0 (linux; u; android 8.0.0; lnd-al30 build/honorlnd-al30)',
  4 => 'ctl=app,act=initcom.google.gson.JsonSyntaxException: java.lang.IllegalStateException: Expected BEGIN_OBJECT but was STRING at line 1 column 1 path $',
)

执行日期：2019-02-05-19：56：15
array (
  0 => 'android',
  1 => '2.6.0',
  2 => '2019012212',
  3 => 'dalvik/2.1.0 (linux; u; android 8.0.0; lnd-al30 build/honorlnd-al30)',
  4 => 'ctl=app,act=initcom.google.gson.JsonSyntaxException: java.lang.IllegalStateException: Expected BEGIN_OBJECT but was STRING at line 1 column 1 path $',
)

执行日期：2019-02-05-19：56：21
array (
  0 => 'android',
  1 => '2.6.0',
  2 => '2019012212',
  3 => 'dalvik/2.1.0 (linux; u; android 8.0.0; lnd-al30 build/honorlnd-al30)',
  4 => 'ctl=app,act=initcom.google.gson.JsonSyntaxException: java.lang.IllegalStateException: Expected BEGIN_OBJECT but was STRING at line 1 column 1 path $',
)

执行日期：2019-02-05-19：56：21
array (
  0 => 'android',
  1 => '2.6.0',
  2 => '2019012212',
  3 => 'dalvik/2.1.0 (linux; u; android 8.0.0; lnd-al30 build/honorlnd-al30)',
  4 => 'ctl=app,act=initcom.google.gson.JsonSyntaxException: java.lang.IllegalStateException: Expected BEGIN_OBJECT but was STRING at line 1 column 1 path $',
)

执行日期：2019-02-05-19：56：24
array (
  0 => 'android',
  1 => '1.1.9',
  2 => '20190203',
  3 => 'dalvik/2.1.0 (linux; u; android 6.0.1; mumu build/v417ir)',
  4 => 'ctl=index,act=new_videocom.alibaba.fastjson.JSONException: syntax error, expect {, actual error, pos 0',
)

执行日期：2019-02-05-19：56：24
array (
  0 => 'android',
  1 => '1.1.9',
  2 => '20190203',
  3 => 'dalvik/2.1.0 (linux; u; android 6.0.1; mumu build/v417ir)',
  4 => 'ctl=index,act=indexcom.alibaba.fastjson.JSONException: syntax error, expect {, actual error, pos 0',
)

执行日期：2019-02-05-19：56：26
array (
  0 => 'android',
  1 => '2.6.0',
  2 => '2019012212',
  3 => 'dalvik/2.1.0 (linux; u; android 8.0.0; lnd-al30 build/honorlnd-al30)',
  4 => 'ctl=app,act=initcom.google.gson.JsonSyntaxException: java.lang.IllegalStateException: Expected BEGIN_OBJECT but was STRING at line 1 column 1 path $',
)

执行日期：2019-02-05-19：56：26
array (
  0 => 'android',
  1 => '2.6.0',
  2 => '2019012212',
  3 => 'dalvik/2.1.0 (linux; u; android 8.0.0; lnd-al30 build/honorlnd-al30)',
  4 => 'ctl=app,act=initcom.google.gson.JsonSyntaxException: java.lang.IllegalStateException: Expected BEGIN_OBJECT but was STRING at line 1 column 1 path $',
)

执行日期：2019-02-05-19：56：32
array (
  0 => 'android',
  1 => '2.6.0',
  2 => '2019012212',
  3 => 'dalvik/2.1.0 (linux; u; android 8.0.0; lnd-al30 build/honorlnd-al30)',
  4 => 'ctl=app,act=initcom.google.gson.JsonSyntaxException: java.lang.IllegalStateException: Expected BEGIN_OBJECT but was STRING at line 1 column 1 path $',
)

执行日期：2019-02-05-19：56：32
array (
  0 => 'android',
  1 => '2.6.0',
  2 => '2019012212',
  3 => 'dalvik/2.1.0 (linux; u; android 8.0.0; lnd-al30 build/honorlnd-al30)',
  4 => 'ctl=app,act=initcom.google.gson.JsonSyntaxException: java.lang.IllegalStateException: Expected BEGIN_OBJECT but was STRING at line 1 column 1 path $',
)

执行日期：2019-02-05-19：56：37
array (
  0 => 'android',
  1 => '2.6.0',
  2 => '2019012212',
  3 => 'dalvik/2.1.0 (linux; u; android 8.0.0; lnd-al30 build/honorlnd-al30)',
  4 => 'ctl=app,act=initcom.google.gson.JsonSyntaxException: java.lang.IllegalStateException: Expected BEGIN_OBJECT but was STRING at line 1 column 1 path $',
)

执行日期：2019-02-05-19：56：37
array (
  0 => 'android',
  1 => '2.6.0',
  2 => '2019012212',
  3 => 'dalvik/2.1.0 (linux; u; android 8.0.0; lnd-al30 build/honorlnd-al30)',
  4 => 'ctl=app,act=initcom.google.gson.JsonSyntaxException: java.lang.IllegalStateException: Expected BEGIN_OBJECT but was STRING at line 1 column 1 path $',
)

执行日期：2019-02-05-19：56：43
array (
  0 => 'android',
  1 => '2.6.0',
  2 => '2019012212',
  3 => 'dalvik/2.1.0 (linux; u; android 8.0.0; lnd-al30 build/honorlnd-al30)',
  4 => 'ctl=app,act=initcom.google.gson.JsonSyntaxException: java.lang.IllegalStateException: Expected BEGIN_OBJECT but was STRING at line 1 column 1 path $',
)

执行日期：2019-02-05-19：56：43
array (
  0 => 'android',
  1 => '2.6.0',
  2 => '2019012212',
  3 => 'dalvik/2.1.0 (linux; u; android 8.0.0; lnd-al30 build/honorlnd-al30)',
  4 => 'ctl=app,act=initcom.google.gson.JsonSyntaxException: java.lang.IllegalStateException: Expected BEGIN_OBJECT but was STRING at line 1 column 1 path $',
)

执行日期：2019-02-05-19：56：48
array (
  0 => 'android',
  1 => '2.6.0',
  2 => '2019012212',
  3 => 'dalvik/2.1.0 (linux; u; android 8.0.0; lnd-al30 build/honorlnd-al30)',
  4 => 'ctl=app,act=initcom.google.gson.JsonSyntaxException: java.lang.IllegalStateException: Expected BEGIN_OBJECT but was STRING at line 1 column 1 path $',
)

执行日期：2019-02-05-19：56：48
array (
  0 => 'android',
  1 => '2.6.0',
  2 => '2019012212',
  3 => 'dalvik/2.1.0 (linux; u; android 8.0.0; lnd-al30 build/honorlnd-al30)',
  4 => 'ctl=app,act=initcom.google.gson.JsonSyntaxException: java.lang.IllegalStateException: Expected BEGIN_OBJECT but was STRING at line 1 column 1 path $',
)

执行日期：2019-02-05-19：56：53
array (
  0 => 'android',
  1 => '2.6.0',
  2 => '2019012212',
  3 => 'dalvik/2.1.0 (linux; u; android 8.0.0; lnd-al30 build/honorlnd-al30)',
  4 => 'ctl=app,act=initcom.google.gson.JsonSyntaxException: java.lang.IllegalStateException: Expected BEGIN_OBJECT but was STRING at line 1 column 1 path $',
)

执行日期：2019-02-05-19：56：53
array (
  0 => 'android',
  1 => '2.6.0',
  2 => '2019012212',
  3 => 'dalvik/2.1.0 (linux; u; android 8.0.0; lnd-al30 build/honorlnd-al30)',
  4 => 'ctl=app,act=initcom.google.gson.JsonSyntaxException: java.lang.IllegalStateException: Expected BEGIN_OBJECT but was STRING at line 1 column 1 path $',
)

执行日期：2019-02-05-19：56：59
array (
  0 => 'android',
  1 => '1.1.9',
  2 => '20190203',
  3 => 'dalvik/2.1.0 (linux; u; android 6.0.1; mumu build/v417ir)',
  4 => 'ctl=index,act=indexjava.net.SocketTimeoutException: timeout',
)

执行日期：2019-02-05-19：56：59
array (
  0 => 'android',
  1 => '2.6.0',
  2 => '2019012212',
  3 => 'dalvik/2.1.0 (linux; u; android 8.0.0; lnd-al30 build/honorlnd-al30)',
  4 => 'ctl=app,act=initcom.google.gson.JsonSyntaxException: java.lang.IllegalStateException: Expected BEGIN_OBJECT but was STRING at line 1 column 1 path $',
)

执行日期：2019-02-05-19：56：59
array (
  0 => 'android',
  1 => '2.6.0',
  2 => '2019012212',
  3 => 'dalvik/2.1.0 (linux; u; android 8.0.0; lnd-al30 build/honorlnd-al30)',
  4 => 'ctl=app,act=initcom.google.gson.JsonSyntaxException: java.lang.IllegalStateException: Expected BEGIN_OBJECT but was STRING at line 1 column 1 path $',
)

执行日期：2019-02-05-19：57：04
array (
  0 => 'android',
  1 => '2.6.0',
  2 => '2019012212',
  3 => 'dalvik/2.1.0 (linux; u; android 8.0.0; lnd-al30 build/honorlnd-al30)',
  4 => 'ctl=app,act=initcom.google.gson.JsonSyntaxException: java.lang.IllegalStateException: Expected BEGIN_OBJECT but was STRING at line 1 column 1 path $',
)

执行日期：2019-02-05-19：57：04
array (
  0 => 'android',
  1 => '2.6.0',
  2 => '2019012212',
  3 => 'dalvik/2.1.0 (linux; u; android 8.0.0; lnd-al30 build/honorlnd-al30)',
  4 => 'ctl=app,act=initcom.google.gson.JsonSyntaxException: java.lang.IllegalStateException: Expected BEGIN_OBJECT but was STRING at line 1 column 1 path $',
)

执行日期：2019-02-05-19：57：10
array (
  0 => 'android',
  1 => '2.6.0',
  2 => '2019012212',
  3 => 'dalvik/2.1.0 (linux; u; android 8.0.0; lnd-al30 build/honorlnd-al30)',
  4 => 'ctl=app,act=initcom.google.gson.JsonSyntaxException: java.lang.IllegalStateException: Expected BEGIN_OBJECT but was STRING at line 1 column 1 path $',
)

执行日期：2019-02-05-19：57：10
array (
  0 => 'android',
  1 => '2.6.0',
  2 => '2019012212',
  3 => 'dalvik/2.1.0 (linux; u; android 8.0.0; lnd-al30 build/honorlnd-al30)',
  4 => 'ctl=app,act=initcom.google.gson.JsonSyntaxException: java.lang.IllegalStateException: Expected BEGIN_OBJECT but was STRING at line 1 column 1 path $',
)

执行日期：2019-02-05-19：57：15
array (
  0 => 'android',
  1 => '2.6.0',
  2 => '2019012212',
  3 => 'dalvik/2.1.0 (linux; u; android 8.0.0; lnd-al30 build/honorlnd-al30)',
  4 => 'ctl=app,act=initcom.google.gson.JsonSyntaxException: java.lang.IllegalStateException: Expected BEGIN_OBJECT but was STRING at line 1 column 1 path $',
)

执行日期：2019-02-05-19：57：15
array (
  0 => 'android',
  1 => '2.6.0',
  2 => '2019012212',
  3 => 'dalvik/2.1.0 (linux; u; android 8.0.0; lnd-al30 build/honorlnd-al30)',
  4 => 'ctl=app,act=initcom.google.gson.JsonSyntaxException: java.lang.IllegalStateException: Expected BEGIN_OBJECT but was STRING at line 1 column 1 path $',
)

执行日期：2019-02-05-19：57：20
array (
  0 => 'android',
  1 => '2.6.0',
  2 => '2019012212',
  3 => 'dalvik/2.1.0 (linux; u; android 8.0.0; lnd-al30 build/honorlnd-al30)',
  4 => 'ctl=app,act=initcom.google.gson.JsonSyntaxException: java.lang.IllegalStateException: Expected BEGIN_OBJECT but was STRING at line 1 column 1 path $',
)

执行日期：2019-02-05-19：57：20
array (
  0 => 'android',
  1 => '2.6.0',
  2 => '2019012212',
  3 => 'dalvik/2.1.0 (linux; u; android 8.0.0; lnd-al30 build/honorlnd-al30)',
  4 => 'ctl=app,act=initcom.google.gson.JsonSyntaxException: java.lang.IllegalStateException: Expected BEGIN_OBJECT but was STRING at line 1 column 1 path $',
)

执行日期：2019-02-05-19：57：27
array (
  0 => 'android',
  1 => '2.6.0',
  2 => '2019012212',
  3 => 'dalvik/2.1.0 (linux; u; android 8.0.0; lnd-al30 build/honorlnd-al30)',
  4 => 'ctl=app,act=initcom.google.gson.JsonSyntaxException: java.lang.IllegalStateException: Expected BEGIN_OBJECT but was STRING at line 1 column 1 path $',
)

执行日期：2019-02-05-19：57：27
array (
  0 => 'android',
  1 => '2.6.0',
  2 => '2019012212',
  3 => 'dalvik/2.1.0 (linux; u; android 8.0.0; lnd-al30 build/honorlnd-al30)',
  4 => 'ctl=app,act=initcom.google.gson.JsonSyntaxException: java.lang.IllegalStateException: Expected BEGIN_OBJECT but was STRING at line 1 column 1 path $',
)

执行日期：2019-02-05-19：57：32
array (
  0 => 'android',
  1 => '2.6.0',
  2 => '2019012212',
  3 => 'dalvik/2.1.0 (linux; u; android 8.0.0; lnd-al30 build/honorlnd-al30)',
  4 => 'ctl=app,act=initcom.google.gson.JsonSyntaxException: java.lang.IllegalStateException: Expected BEGIN_OBJECT but was STRING at line 1 column 1 path $',
)

执行日期：2019-02-05-19：57：32
array (
  0 => 'android',
  1 => '2.6.0',
  2 => '2019012212',
  3 => 'dalvik/2.1.0 (linux; u; android 8.0.0; lnd-al30 build/honorlnd-al30)',
  4 => 'ctl=app,act=initcom.google.gson.JsonSyntaxException: java.lang.IllegalStateException: Expected BEGIN_OBJECT but was STRING at line 1 column 1 path $',
)

执行日期：2019-02-05-19：57：38
array (
  0 => 'android',
  1 => '2.6.0',
  2 => '2019012212',
  3 => 'dalvik/2.1.0 (linux; u; android 8.0.0; lnd-al30 build/honorlnd-al30)',
  4 => 'ctl=app,act=initcom.google.gson.JsonSyntaxException: java.lang.IllegalStateException: Expected BEGIN_OBJECT but was STRING at line 1 column 1 path $',
)

执行日期：2019-02-05-19：57：38
array (
  0 => 'android',
  1 => '2.6.0',
  2 => '2019012212',
  3 => 'dalvik/2.1.0 (linux; u; android 8.0.0; lnd-al30 build/honorlnd-al30)',
  4 => 'ctl=app,act=initcom.google.gson.JsonSyntaxException: java.lang.IllegalStateException: Expected BEGIN_OBJECT but was STRING at line 1 column 1 path $',
)

执行日期：2019-02-05-19：57：43
array (
  0 => 'android',
  1 => '2.6.0',
  2 => '2019012212',
  3 => 'dalvik/2.1.0 (linux; u; android 8.0.0; lnd-al30 build/honorlnd-al30)',
  4 => 'ctl=app,act=initcom.google.gson.JsonSyntaxException: java.lang.IllegalStateException: Expected BEGIN_OBJECT but was STRING at line 1 column 1 path $',
)

执行日期：2019-02-05-19：57：43
array (
  0 => 'android',
  1 => '2.6.0',
  2 => '2019012212',
  3 => 'dalvik/2.1.0 (linux; u; android 8.0.0; lnd-al30 build/honorlnd-al30)',
  4 => 'ctl=app,act=initcom.google.gson.JsonSyntaxException: java.lang.IllegalStateException: Expected BEGIN_OBJECT but was STRING at line 1 column 1 path $',
)

执行日期：2019-02-05-19：57：49
array (
  0 => 'android',
  1 => '2.6.0',
  2 => '2019012212',
  3 => 'dalvik/2.1.0 (linux; u; android 8.0.0; lnd-al30 build/honorlnd-al30)',
  4 => 'ctl=app,act=initcom.google.gson.JsonSyntaxException: java.lang.IllegalStateException: Expected BEGIN_OBJECT but was STRING at line 1 column 1 path $',
)

执行日期：2019-02-05-19：57：50
array (
  0 => 'android',
  1 => '2.6.0',
  2 => '2019012212',
  3 => 'dalvik/2.1.0 (linux; u; android 8.0.0; lnd-al30 build/honorlnd-al30)',
  4 => 'ctl=app,act=initcom.google.gson.JsonSyntaxException: java.lang.IllegalStateException: Expected BEGIN_OBJECT but was STRING at line 1 column 1 path $',
)

执行日期：2019-02-05-19：57：52
array (
  0 => 'android',
  1 => '2.6.0',
  2 => '2019012212',
  3 => 'dalvik/2.1.0 (linux; u; android 8.0.0; lnd-al30 build/honorlnd-al30)',
  4 => 'ctl=app,act=initcom.google.gson.JsonSyntaxException: java.lang.IllegalStateException: Expected BEGIN_OBJECT but was STRING at line 1 column 1 path $',
)

执行日期：2019-02-05-19：57：52
array (
  0 => 'android',
  1 => '2.6.0',
  2 => '2019012212',
  3 => 'dalvik/2.1.0 (linux; u; android 8.0.0; lnd-al30 build/honorlnd-al30)',
  4 => 'ctl=app,act=initcom.google.gson.JsonSyntaxException: java.lang.IllegalStateException: Expected BEGIN_OBJECT but was STRING at line 1 column 1 path $',
)

执行日期：2019-02-05-19：57：55
array (
  0 => 'android',
  1 => '2.6.0',
  2 => '2019012212',
  3 => 'dalvik/2.1.0 (linux; u; android 8.0.0; lnd-al30 build/honorlnd-al30)',
  4 => 'ctl=app,act=initcom.google.gson.JsonSyntaxException: java.lang.IllegalStateException: Expected BEGIN_OBJECT but was STRING at line 1 column 1 path $',
)

执行日期：2019-02-05-19：57：55
array (
  0 => 'android',
  1 => '2.6.0',
  2 => '2019012212',
  3 => 'dalvik/2.1.0 (linux; u; android 8.0.0; lnd-al30 build/honorlnd-al30)',
  4 => 'ctl=app,act=initcom.google.gson.JsonSyntaxException: java.lang.IllegalStateException: Expected BEGIN_OBJECT but was STRING at line 1 column 1 path $',
)

执行日期：2019-02-05-19：57：55
array (
  0 => 'android',
  1 => '1.1.9',
  2 => '20190203',
  3 => 'dalvik/2.1.0 (linux; u; android 6.0.1; mumu build/v417ir)',
  4 => 'ctl=index,act=new_videocom.alibaba.fastjson.JSONException: syntax error, expect {, actual error, pos 0',
)

执行日期：2019-02-05-19：58：00
array (
  0 => 'android',
  1 => '2.6.0',
  2 => '2019012212',
  3 => 'dalvik/2.1.0 (linux; u; android 8.0.0; lnd-al30 build/honorlnd-al30)',
  4 => 'ctl=app,act=initcom.google.gson.JsonSyntaxException: java.lang.IllegalStateException: Expected BEGIN_OBJECT but was STRING at line 1 column 1 path $',
)

执行日期：2019-02-05-19：58：00
array (
  0 => 'android',
  1 => '2.6.0',
  2 => '2019012212',
  3 => 'dalvik/2.1.0 (linux; u; android 8.0.0; lnd-al30 build/honorlnd-al30)',
  4 => 'ctl=app,act=initcom.google.gson.JsonSyntaxException: java.lang.IllegalStateException: Expected BEGIN_OBJECT but was STRING at line 1 column 1 path $',
)

执行日期：2019-02-05-19：58：05
array (
  0 => 'android',
  1 => '1.1.9',
  2 => '20190203',
  3 => 'dalvik/2.1.0 (linux; u; android 6.0.1; mumu build/v417ir)',
  4 => 'ctl=index,act=new_videojava.net.SocketTimeoutException: timeout',
)

执行日期：2019-02-05-19：58：06
array (
  0 => 'android',
  1 => '2.6.0',
  2 => '2019012212',
  3 => 'dalvik/2.1.0 (linux; u; android 8.0.0; lnd-al30 build/honorlnd-al30)',
  4 => 'ctl=app,act=initcom.google.gson.JsonSyntaxException: java.lang.IllegalStateException: Expected BEGIN_OBJECT but was STRING at line 1 column 1 path $',
)

执行日期：2019-02-05-19：58：06
array (
  0 => 'android',
  1 => '2.6.0',
  2 => '2019012212',
  3 => 'dalvik/2.1.0 (linux; u; android 8.0.0; lnd-al30 build/honorlnd-al30)',
  4 => 'ctl=app,act=initcom.google.gson.JsonSyntaxException: java.lang.IllegalStateException: Expected BEGIN_OBJECT but was STRING at line 1 column 1 path $',
)

执行日期：2019-02-05-19：58：10
array (
  0 => 'android',
  1 => '1.1.9',
  2 => '20190203',
  3 => 'dalvik/2.1.0 (linux; u; android 6.0.1; mumu build/v417ir)',
  4 => 'ctl=index,act=indexjava.net.SocketTimeoutException',
)

执行日期：2019-02-05-19：58：11
array (
  0 => 'android',
  1 => '2.6.0',
  2 => '2019012212',
  3 => 'dalvik/2.1.0 (linux; u; android 8.0.0; lnd-al30 build/honorlnd-al30)',
  4 => 'ctl=app,act=initcom.google.gson.JsonSyntaxException: java.lang.IllegalStateException: Expected BEGIN_OBJECT but was STRING at line 1 column 1 path $',
)

执行日期：2019-02-05-19：58：11
array (
  0 => 'android',
  1 => '2.6.0',
  2 => '2019012212',
  3 => 'dalvik/2.1.0 (linux; u; android 8.0.0; lnd-al30 build/honorlnd-al30)',
  4 => 'ctl=app,act=initcom.google.gson.JsonSyntaxException: java.lang.IllegalStateException: Expected BEGIN_OBJECT but was STRING at line 1 column 1 path $',
)

执行日期：2019-02-05-19：58：15
array (
  0 => 'android',
  1 => '1.1.9',
  2 => '20190203',
  3 => 'dalvik/2.1.0 (linux; u; android 6.0.1; mumu build/v417ir)',
  4 => 'ctl=index,act=indexcom.alibaba.fastjson.JSONException: syntax error, expect {, actual error, pos 0',
)

执行日期：2019-02-05-19：58：19
array (
  0 => 'android',
  1 => '1.1.9',
  2 => '20190203',
  3 => 'dalvik/2.1.0 (linux; u; android 6.0.1; mumu build/v417ir)',
  4 => 'ctl=index,act=new_videojava.net.SocketTimeoutException',
)

执行日期：2019-02-05-19：58：26
array (
  0 => 'android',
  1 => '2.6.0',
  2 => '2019012212',
  3 => 'dalvik/2.1.0 (linux; u; android 8.0.0; lnd-al30 build/honorlnd-al30)',
  4 => 'ctl=app,act=initcom.google.gson.JsonSyntaxException: java.lang.IllegalStateException: Expected BEGIN_OBJECT but was STRING at line 1 column 1 path $',
)

执行日期：2019-02-05-19：58：26
array (
  0 => 'android',
  1 => '2.6.0',
  2 => '2019012212',
  3 => 'dalvik/2.1.0 (linux; u; android 8.0.0; lnd-al30 build/honorlnd-al30)',
  4 => 'ctl=app,act=initcom.google.gson.JsonSyntaxException: java.lang.IllegalStateException: Expected BEGIN_OBJECT but was STRING at line 1 column 1 path $',
)

执行日期：2019-02-05-19：58：27
array (
  0 => 'android',
  1 => '2.6.0',
  2 => '2019012212',
  3 => 'dalvik/2.1.0 (linux; u; android 8.0.0; lnd-al30 build/honorlnd-al30)',
  4 => 'ctl=app,act=initcom.google.gson.JsonSyntaxException: java.lang.IllegalStateException: Expected BEGIN_OBJECT but was STRING at line 1 column 1 path $',
)

执行日期：2019-02-05-19：58：27
array (
  0 => 'android',
  1 => '2.6.0',
  2 => '2019012212',
  3 => 'dalvik/2.1.0 (linux; u; android 8.0.0; lnd-al30 build/honorlnd-al30)',
  4 => 'ctl=app,act=initcom.google.gson.JsonSyntaxException: java.lang.IllegalStateException: Expected BEGIN_OBJECT but was STRING at line 1 column 1 path $',
)

执行日期：2019-02-05-19：58：32
array (
  0 => 'android',
  1 => '2.6.0',
  2 => '2019012212',
  3 => 'dalvik/2.1.0 (linux; u; android 8.0.0; lnd-al30 build/honorlnd-al30)',
  4 => 'ctl=app,act=initcom.google.gson.JsonSyntaxException: java.lang.IllegalStateException: Expected BEGIN_OBJECT but was STRING at line 1 column 1 path $',
)

执行日期：2019-02-05-19：58：32
array (
  0 => 'android',
  1 => '2.6.0',
  2 => '2019012212',
  3 => 'dalvik/2.1.0 (linux; u; android 8.0.0; lnd-al30 build/honorlnd-al30)',
  4 => 'ctl=app,act=initcom.google.gson.JsonSyntaxException: java.lang.IllegalStateException: Expected BEGIN_OBJECT but was STRING at line 1 column 1 path $',
)

执行日期：2019-02-05-19：58：42
array (
  0 => 'android',
  1 => '2.6.0',
  2 => '2019012212',
  3 => 'dalvik/2.1.0 (linux; u; android 8.0.0; lnd-al30 build/honorlnd-al30)',
  4 => 'ctl=app,act=initcom.google.gson.JsonSyntaxException: java.lang.IllegalStateException: Expected BEGIN_OBJECT but was STRING at line 1 column 1 path $',
)

执行日期：2019-02-05-19：58：43
array (
  0 => 'android',
  1 => '2.6.0',
  2 => '2019012212',
  3 => 'dalvik/2.1.0 (linux; u; android 8.0.0; lnd-al30 build/honorlnd-al30)',
  4 => 'ctl=app,act=initcom.google.gson.JsonSyntaxException: java.lang.IllegalStateException: Expected BEGIN_OBJECT but was STRING at line 1 column 1 path $',
)

执行日期：2019-02-05-19：58：43
array (
  0 => 'android',
  1 => '2.6.0',
  2 => '2019012212',
  3 => 'dalvik/2.1.0 (linux; u; android 8.0.0; lnd-al30 build/honorlnd-al30)',
  4 => 'ctl=app,act=initcom.google.gson.JsonSyntaxException: java.lang.IllegalStateException: Expected BEGIN_OBJECT but was STRING at line 1 column 1 path $',
)

执行日期：2019-02-05-19：58：43
array (
  0 => 'android',
  1 => '2.6.0',
  2 => '2019012212',
  3 => 'dalvik/2.1.0 (linux; u; android 8.0.0; lnd-al30 build/honorlnd-al30)',
  4 => 'ctl=app,act=initcom.google.gson.JsonSyntaxException: java.lang.IllegalStateException: Expected BEGIN_OBJECT but was STRING at line 1 column 1 path $',
)

执行日期：2019-02-05-19：58：48
array (
  0 => 'android',
  1 => '2.6.0',
  2 => '2019012212',
  3 => 'dalvik/2.1.0 (linux; u; android 8.0.0; lnd-al30 build/honorlnd-al30)',
  4 => 'ctl=app,act=initcom.google.gson.JsonSyntaxException: java.lang.IllegalStateException: Expected BEGIN_OBJECT but was STRING at line 1 column 1 path $',
)

执行日期：2019-02-05-19：58：49
array (
  0 => 'android',
  1 => '2.6.0',
  2 => '2019012212',
  3 => 'dalvik/2.1.0 (linux; u; android 8.0.0; lnd-al30 build/honorlnd-al30)',
  4 => 'ctl=app,act=initcom.google.gson.JsonSyntaxException: java.lang.IllegalStateException: Expected BEGIN_OBJECT but was STRING at line 1 column 1 path $',
)

执行日期：2019-02-05-19：58：54
array (
  0 => 'android',
  1 => '2.6.0',
  2 => '2019012212',
  3 => 'dalvik/2.1.0 (linux; u; android 8.0.0; lnd-al30 build/honorlnd-al30)',
  4 => 'ctl=app,act=initcom.google.gson.JsonSyntaxException: java.lang.IllegalStateException: Expected BEGIN_OBJECT but was STRING at line 1 column 1 path $',
)

执行日期：2019-02-05-19：58：54
array (
  0 => 'android',
  1 => '2.6.0',
  2 => '2019012212',
  3 => 'dalvik/2.1.0 (linux; u; android 8.0.0; lnd-al30 build/honorlnd-al30)',
  4 => 'ctl=app,act=initcom.google.gson.JsonSyntaxException: java.lang.IllegalStateException: Expected BEGIN_OBJECT but was STRING at line 1 column 1 path $',
)

执行日期：2019-02-05-19：58：59
array (
  0 => 'android',
  1 => '2.6.0',
  2 => '2019012212',
  3 => 'dalvik/2.1.0 (linux; u; android 8.0.0; lnd-al30 build/honorlnd-al30)',
  4 => 'ctl=app,act=initcom.google.gson.JsonSyntaxException: java.lang.IllegalStateException: Expected BEGIN_OBJECT but was STRING at line 1 column 1 path $',
)

执行日期：2019-02-05-19：58：59
array (
  0 => 'android',
  1 => '2.6.0',
  2 => '2019012212',
  3 => 'dalvik/2.1.0 (linux; u; android 8.0.0; lnd-al30 build/honorlnd-al30)',
  4 => 'ctl=app,act=initcom.google.gson.JsonSyntaxException: java.lang.IllegalStateException: Expected BEGIN_OBJECT but was STRING at line 1 column 1 path $',
)

执行日期：2019-02-05-19：59：05
array (
  0 => 'android',
  1 => '2.6.0',
  2 => '2019012212',
  3 => 'dalvik/2.1.0 (linux; u; android 8.0.0; lnd-al30 build/honorlnd-al30)',
  4 => 'ctl=app,act=initcom.google.gson.JsonSyntaxException: java.lang.IllegalStateException: Expected BEGIN_OBJECT but was STRING at line 1 column 1 path $',
)

执行日期：2019-02-05-19：59：05
array (
  0 => 'android',
  1 => '2.6.0',
  2 => '2019012212',
  3 => 'dalvik/2.1.0 (linux; u; android 8.0.0; lnd-al30 build/honorlnd-al30)',
  4 => 'ctl=app,act=initcom.google.gson.JsonSyntaxException: java.lang.IllegalStateException: Expected BEGIN_OBJECT but was STRING at line 1 column 1 path $',
)

执行日期：2019-02-05-19：59：10
array (
  0 => 'android',
  1 => '2.6.0',
  2 => '2019012212',
  3 => 'dalvik/2.1.0 (linux; u; android 8.0.0; lnd-al30 build/honorlnd-al30)',
  4 => 'ctl=app,act=initcom.google.gson.JsonSyntaxException: java.lang.IllegalStateException: Expected BEGIN_OBJECT but was STRING at line 1 column 1 path $',
)

执行日期：2019-02-05-19：59：10
array (
  0 => 'android',
  1 => '2.6.0',
  2 => '2019012212',
  3 => 'dalvik/2.1.0 (linux; u; android 8.0.0; lnd-al30 build/honorlnd-al30)',
  4 => 'ctl=app,act=initcom.google.gson.JsonSyntaxException: java.lang.IllegalStateException: Expected BEGIN_OBJECT but was STRING at line 1 column 1 path $',
)

执行日期：2019-02-05-19：59：11
array (
  0 => 'android',
  1 => '1.1.9',
  2 => '20190203',
  3 => 'dalvik/2.1.0 (linux; u; android 6.0.1; mumu build/v417ir)',
  4 => 'ctl=index,act=new_videocom.alibaba.fastjson.JSONException: syntax error, expect {, actual error, pos 0',
)

执行日期：2019-02-05-19：59：16
array (
  0 => 'android',
  1 => '2.6.0',
  2 => '2019012212',
  3 => 'dalvik/2.1.0 (linux; u; android 8.0.0; lnd-al30 build/honorlnd-al30)',
  4 => 'ctl=app,act=initcom.google.gson.JsonSyntaxException: java.lang.IllegalStateException: Expected BEGIN_OBJECT but was STRING at line 1 column 1 path $',
)

执行日期：2019-02-05-19：59：17
array (
  0 => 'android',
  1 => '2.6.0',
  2 => '2019012212',
  3 => 'dalvik/2.1.0 (linux; u; android 8.0.0; lnd-al30 build/honorlnd-al30)',
  4 => 'ctl=app,act=initcom.google.gson.JsonSyntaxException: java.lang.IllegalStateException: Expected BEGIN_OBJECT but was STRING at line 1 column 1 path $',
)

执行日期：2019-02-05-19：59：21
array (
  0 => 'android',
  1 => '2.6.0',
  2 => '2019012212',
  3 => 'dalvik/2.1.0 (linux; u; android 8.0.0; lnd-al30 build/honorlnd-al30)',
  4 => 'ctl=app,act=initcom.google.gson.JsonSyntaxException: java.lang.IllegalStateException: Expected BEGIN_OBJECT but was STRING at line 1 column 1 path $',
)

执行日期：2019-02-05-19：59：21
array (
  0 => 'android',
  1 => '2.6.0',
  2 => '2019012212',
  3 => 'dalvik/2.1.0 (linux; u; android 8.0.0; lnd-al30 build/honorlnd-al30)',
  4 => 'ctl=app,act=initcom.google.gson.JsonSyntaxException: java.lang.IllegalStateException: Expected BEGIN_OBJECT but was STRING at line 1 column 1 path $',
)

执行日期：2019-02-05-19：59：24
array (
  0 => 'android',
  1 => '1.1.9',
  2 => '20190203',
  3 => 'dalvik/2.1.0 (linux; u; android 6.0.1; mumu build/v417ir)',
  4 => 'ctl=index,act=indexcom.alibaba.fastjson.JSONException: syntax error, expect {, actual error, pos 0',
)

执行日期：2019-02-05-19：59：25
array (
  0 => 'android',
  1 => '1.1.9',
  2 => '20190203',
  3 => 'dalvik/2.1.0 (linux; u; android 6.0.1; mumu build/v417ir)',
  4 => 'ctl=index,act=indexcom.alibaba.fastjson.JSONException: syntax error, expect {, actual error, pos 0',
)

执行日期：2019-02-05-19：59：27
array (
  0 => 'android',
  1 => '2.6.0',
  2 => '2019012212',
  3 => 'dalvik/2.1.0 (linux; u; android 8.0.0; lnd-al30 build/honorlnd-al30)',
  4 => 'ctl=app,act=initcom.google.gson.JsonSyntaxException: java.lang.IllegalStateException: Expected BEGIN_OBJECT but was STRING at line 1 column 1 path $',
)

执行日期：2019-02-05-19：59：27
array (
  0 => 'android',
  1 => '2.6.0',
  2 => '2019012212',
  3 => 'dalvik/2.1.0 (linux; u; android 8.0.0; lnd-al30 build/honorlnd-al30)',
  4 => 'ctl=app,act=initcom.google.gson.JsonSyntaxException: java.lang.IllegalStateException: Expected BEGIN_OBJECT but was STRING at line 1 column 1 path $',
)

执行日期：2019-02-05-19：59：32
array (
  0 => 'android',
  1 => '2.6.0',
  2 => '2019012212',
  3 => 'dalvik/2.1.0 (linux; u; android 8.0.0; lnd-al30 build/honorlnd-al30)',
  4 => 'ctl=app,act=initcom.google.gson.JsonSyntaxException: java.lang.IllegalStateException: Expected BEGIN_OBJECT but was STRING at line 1 column 1 path $',
)

执行日期：2019-02-05-19：59：32
array (
  0 => 'android',
  1 => '2.6.0',
  2 => '2019012212',
  3 => 'dalvik/2.1.0 (linux; u; android 8.0.0; lnd-al30 build/honorlnd-al30)',
  4 => 'ctl=app,act=initcom.google.gson.JsonSyntaxException: java.lang.IllegalStateException: Expected BEGIN_OBJECT but was STRING at line 1 column 1 path $',
)

执行日期：2019-02-05-19：59：38
array (
  0 => 'android',
  1 => '2.6.0',
  2 => '2019012212',
  3 => 'dalvik/2.1.0 (linux; u; android 8.0.0; lnd-al30 build/honorlnd-al30)',
  4 => 'ctl=app,act=initcom.google.gson.JsonSyntaxException: java.lang.IllegalStateException: Expected BEGIN_OBJECT but was STRING at line 1 column 1 path $',
)

执行日期：2019-02-05-19：59：38
array (
  0 => 'android',
  1 => '2.6.0',
  2 => '2019012212',
  3 => 'dalvik/2.1.0 (linux; u; android 8.0.0; lnd-al30 build/honorlnd-al30)',
  4 => 'ctl=app,act=initcom.google.gson.JsonSyntaxException: java.lang.IllegalStateException: Expected BEGIN_OBJECT but was STRING at line 1 column 1 path $',
)

执行日期：2019-02-05-19：59：39
array (
  0 => 'android',
  1 => '1.1.9',
  2 => '20190203',
  3 => 'dalvik/2.1.0 (linux; u; android 6.0.1; mumu build/v417ir)',
  4 => 'ctl=index,act=new_videocom.alibaba.fastjson.JSONException: syntax error, expect {, actual error, pos 0',
)

执行日期：2019-02-05-19：59：43
array (
  0 => 'android',
  1 => '2.6.0',
  2 => '2019012212',
  3 => 'dalvik/2.1.0 (linux; u; android 8.0.0; lnd-al30 build/honorlnd-al30)',
  4 => 'ctl=app,act=initcom.google.gson.JsonSyntaxException: java.lang.IllegalStateException: Expected BEGIN_OBJECT but was STRING at line 1 column 1 path $',
)

执行日期：2019-02-05-19：59：44
array (
  0 => 'android',
  1 => '2.6.0',
  2 => '2019012212',
  3 => 'dalvik/2.1.0 (linux; u; android 8.0.0; lnd-al30 build/honorlnd-al30)',
  4 => 'ctl=app,act=initcom.google.gson.JsonSyntaxException: java.lang.IllegalStateException: Expected BEGIN_OBJECT but was STRING at line 1 column 1 path $',
)

执行日期：2019-02-05-19：59：45
array (
  0 => 'android',
  1 => '1.1.9',
  2 => '20190203',
  3 => 'dalvik/2.1.0 (linux; u; android 6.0.1; mumu build/v417ir)',
  4 => 'ctl=index,act=new_videocom.alibaba.fastjson.JSONException: syntax error, expect {, actual error, pos 0',
)

执行日期：2019-02-05-19：59：47
array (
  0 => 'android',
  1 => '1.1.9',
  2 => '20190203',
  3 => 'dalvik/2.1.0 (linux; u; android 6.0.1; mumu build/v417ir)',
  4 => 'ctl=index,act=indexcom.alibaba.fastjson.JSONException: syntax error, expect {, actual error, pos 0',
)

执行日期：2019-02-05-19：59：48
array (
  0 => 'android',
  1 => '2.6.0',
  2 => '2019012212',
  3 => 'dalvik/2.1.0 (linux; u; android 8.0.0; lnd-al30 build/honorlnd-al30)',
  4 => 'ctl=app,act=initcom.google.gson.JsonSyntaxException: java.lang.IllegalStateException: Expected BEGIN_OBJECT but was STRING at line 1 column 1 path $',
)

执行日期：2019-02-05-19：59：49
array (
  0 => 'android',
  1 => '2.6.0',
  2 => '2019012212',
  3 => 'dalvik/2.1.0 (linux; u; android 8.0.0; lnd-al30 build/honorlnd-al30)',
  4 => 'ctl=app,act=initcom.google.gson.JsonSyntaxException: java.lang.IllegalStateException: Expected BEGIN_OBJECT but was STRING at line 1 column 1 path $',
)

执行日期：2019-02-05-19：59：54
array (
  0 => 'android',
  1 => '2.6.0',
  2 => '2019012212',
  3 => 'dalvik/2.1.0 (linux; u; android 8.0.0; lnd-al30 build/honorlnd-al30)',
  4 => 'ctl=app,act=initcom.google.gson.JsonSyntaxException: java.lang.IllegalStateException: Expected BEGIN_OBJECT but was STRING at line 1 column 1 path $',
)

执行日期：2019-02-05-19：59：54
array (
  0 => 'android',
  1 => '2.6.0',
  2 => '2019012212',
  3 => 'dalvik/2.1.0 (linux; u; android 8.0.0; lnd-al30 build/honorlnd-al30)',
  4 => 'ctl=app,act=initcom.google.gson.JsonSyntaxException: java.lang.IllegalStateException: Expected BEGIN_OBJECT but was STRING at line 1 column 1 path $',
)

执行日期：2019-02-05-19：59：59
array (
  0 => 'android',
  1 => '2.6.0',
  2 => '2019012212',
  3 => 'dalvik/2.1.0 (linux; u; android 8.0.0; lnd-al30 build/honorlnd-al30)',
  4 => 'ctl=app,act=initcom.google.gson.JsonSyntaxException: java.lang.IllegalStateException: Expected BEGIN_OBJECT but was STRING at line 1 column 1 path $',
)

执行日期：2019-02-05-19：59：59
array (
  0 => 'android',
  1 => '2.6.0',
  2 => '2019012212',
  3 => 'dalvik/2.1.0 (linux; u; android 8.0.0; lnd-al30 build/honorlnd-al30)',
  4 => 'ctl=app,act=initcom.google.gson.JsonSyntaxException: java.lang.IllegalStateException: Expected BEGIN_OBJECT but was STRING at line 1 column 1 path $',
)

执行日期：2019-02-05-20：00：05
array (
  0 => 'android',
  1 => '2.6.0',
  2 => '2019012212',
  3 => 'dalvik/2.1.0 (linux; u; android 8.0.0; lnd-al30 build/honorlnd-al30)',
  4 => 'ctl=app,act=initcom.google.gson.JsonSyntaxException: java.lang.IllegalStateException: Expected BEGIN_OBJECT but was STRING at line 1 column 1 path $',
)

执行日期：2019-02-05-20：00：05
array (
  0 => 'android',
  1 => '2.6.0',
  2 => '2019012212',
  3 => 'dalvik/2.1.0 (linux; u; android 8.0.0; lnd-al30 build/honorlnd-al30)',
  4 => 'ctl=app,act=initcom.google.gson.JsonSyntaxException: java.lang.IllegalStateException: Expected BEGIN_OBJECT but was STRING at line 1 column 1 path $',
)

执行日期：2019-02-05-20：00：10
array (
  0 => 'android',
  1 => '2.6.0',
  2 => '2019012212',
  3 => 'dalvik/2.1.0 (linux; u; android 8.0.0; lnd-al30 build/honorlnd-al30)',
  4 => 'ctl=app,act=initcom.google.gson.JsonSyntaxException: java.lang.IllegalStateException: Expected BEGIN_OBJECT but was STRING at line 1 column 1 path $',
)

执行日期：2019-02-05-20：00：10
array (
  0 => 'android',
  1 => '2.6.0',
  2 => '2019012212',
  3 => 'dalvik/2.1.0 (linux; u; android 8.0.0; lnd-al30 build/honorlnd-al30)',
  4 => 'ctl=app,act=initcom.google.gson.JsonSyntaxException: java.lang.IllegalStateException: Expected BEGIN_OBJECT but was STRING at line 1 column 1 path $',
)

执行日期：2019-02-05-20：00：16
array (
  0 => 'android',
  1 => '2.6.0',
  2 => '2019012212',
  3 => 'dalvik/2.1.0 (linux; u; android 8.0.0; lnd-al30 build/honorlnd-al30)',
  4 => 'ctl=app,act=initcom.google.gson.JsonSyntaxException: java.lang.IllegalStateException: Expected BEGIN_OBJECT but was STRING at line 1 column 1 path $',
)

执行日期：2019-02-05-20：00：16
array (
  0 => 'android',
  1 => '2.6.0',
  2 => '2019012212',
  3 => 'dalvik/2.1.0 (linux; u; android 8.0.0; lnd-al30 build/honorlnd-al30)',
  4 => 'ctl=app,act=initcom.google.gson.JsonSyntaxException: java.lang.IllegalStateException: Expected BEGIN_OBJECT but was STRING at line 1 column 1 path $',
)

执行日期：2019-02-05-20：00：21
array (
  0 => 'android',
  1 => '2.6.0',
  2 => '2019012212',
  3 => 'dalvik/2.1.0 (linux; u; android 8.0.0; lnd-al30 build/honorlnd-al30)',
  4 => 'ctl=app,act=initcom.google.gson.JsonSyntaxException: java.lang.IllegalStateException: Expected BEGIN_OBJECT but was STRING at line 1 column 1 path $',
)

执行日期：2019-02-05-20：00：21
array (
  0 => 'android',
  1 => '2.6.0',
  2 => '2019012212',
  3 => 'dalvik/2.1.0 (linux; u; android 8.0.0; lnd-al30 build/honorlnd-al30)',
  4 => 'ctl=app,act=initcom.google.gson.JsonSyntaxException: java.lang.IllegalStateException: Expected BEGIN_OBJECT but was STRING at line 1 column 1 path $',
)

执行日期：2019-02-05-20：00：26
array (
  0 => 'android',
  1 => '2.6.0',
  2 => '2019012212',
  3 => 'dalvik/2.1.0 (linux; u; android 8.0.0; lnd-al30 build/honorlnd-al30)',
  4 => 'ctl=app,act=initcom.google.gson.JsonSyntaxException: java.lang.IllegalStateException: Expected BEGIN_OBJECT but was STRING at line 1 column 1 path $',
)

执行日期：2019-02-05-20：00：26
array (
  0 => 'android',
  1 => '2.6.0',
  2 => '2019012212',
  3 => 'dalvik/2.1.0 (linux; u; android 8.0.0; lnd-al30 build/honorlnd-al30)',
  4 => 'ctl=app,act=initcom.google.gson.JsonSyntaxException: java.lang.IllegalStateException: Expected BEGIN_OBJECT but was STRING at line 1 column 1 path $',
)

执行日期：2019-02-05-20：00：32
array (
  0 => 'android',
  1 => '2.6.0',
  2 => '2019012212',
  3 => 'dalvik/2.1.0 (linux; u; android 8.0.0; lnd-al30 build/honorlnd-al30)',
  4 => 'ctl=app,act=initcom.google.gson.JsonSyntaxException: java.lang.IllegalStateException: Expected BEGIN_OBJECT but was STRING at line 1 column 1 path $',
)

执行日期：2019-02-05-20：00：32
array (
  0 => 'android',
  1 => '2.6.0',
  2 => '2019012212',
  3 => 'dalvik/2.1.0 (linux; u; android 8.0.0; lnd-al30 build/honorlnd-al30)',
  4 => 'ctl=app,act=initcom.google.gson.JsonSyntaxException: java.lang.IllegalStateException: Expected BEGIN_OBJECT but was STRING at line 1 column 1 path $',
)

执行日期：2019-02-05-20：00：37
array (
  0 => 'android',
  1 => '2.6.0',
  2 => '2019012212',
  3 => 'dalvik/2.1.0 (linux; u; android 8.0.0; lnd-al30 build/honorlnd-al30)',
  4 => 'ctl=app,act=initcom.google.gson.JsonSyntaxException: java.lang.IllegalStateException: Expected BEGIN_OBJECT but was STRING at line 1 column 1 path $',
)

执行日期：2019-02-05-20：00：37
array (
  0 => 'android',
  1 => '2.6.0',
  2 => '2019012212',
  3 => 'dalvik/2.1.0 (linux; u; android 8.0.0; lnd-al30 build/honorlnd-al30)',
  4 => 'ctl=app,act=initcom.google.gson.JsonSyntaxException: java.lang.IllegalStateException: Expected BEGIN_OBJECT but was STRING at line 1 column 1 path $',
)

执行日期：2019-02-05-20：00：43
array (
  0 => 'android',
  1 => '2.6.0',
  2 => '2019012212',
  3 => 'dalvik/2.1.0 (linux; u; android 8.0.0; lnd-al30 build/honorlnd-al30)',
  4 => 'ctl=app,act=initcom.google.gson.JsonSyntaxException: java.lang.IllegalStateException: Expected BEGIN_OBJECT but was STRING at line 1 column 1 path $',
)

执行日期：2019-02-05-20：00：43
array (
  0 => 'android',
  1 => '2.6.0',
  2 => '2019012212',
  3 => 'dalvik/2.1.0 (linux; u; android 8.0.0; lnd-al30 build/honorlnd-al30)',
  4 => 'ctl=app,act=initcom.google.gson.JsonSyntaxException: java.lang.IllegalStateException: Expected BEGIN_OBJECT but was STRING at line 1 column 1 path $',
)

执行日期：2019-02-05-20：00：48
array (
  0 => 'android',
  1 => '2.6.0',
  2 => '2019012212',
  3 => 'dalvik/2.1.0 (linux; u; android 8.0.0; lnd-al30 build/honorlnd-al30)',
  4 => 'ctl=app,act=initcom.google.gson.JsonSyntaxException: java.lang.IllegalStateException: Expected BEGIN_OBJECT but was STRING at line 1 column 1 path $',
)

执行日期：2019-02-05-20：00：48
array (
  0 => 'android',
  1 => '2.6.0',
  2 => '2019012212',
  3 => 'dalvik/2.1.0 (linux; u; android 8.0.0; lnd-al30 build/honorlnd-al30)',
  4 => 'ctl=app,act=initcom.google.gson.JsonSyntaxException: java.lang.IllegalStateException: Expected BEGIN_OBJECT but was STRING at line 1 column 1 path $',
)

执行日期：2019-02-05-20：00：54
array (
  0 => 'android',
  1 => '2.6.0',
  2 => '2019012212',
  3 => 'dalvik/2.1.0 (linux; u; android 8.0.0; lnd-al30 build/honorlnd-al30)',
  4 => 'ctl=app,act=initcom.google.gson.JsonSyntaxException: java.lang.IllegalStateException: Expected BEGIN_OBJECT but was STRING at line 1 column 1 path $',
)

执行日期：2019-02-05-20：00：54
array (
  0 => 'android',
  1 => '2.6.0',
  2 => '2019012212',
  3 => 'dalvik/2.1.0 (linux; u; android 8.0.0; lnd-al30 build/honorlnd-al30)',
  4 => 'ctl=app,act=initcom.google.gson.JsonSyntaxException: java.lang.IllegalStateException: Expected BEGIN_OBJECT but was STRING at line 1 column 1 path $',
)

执行日期：2019-02-05-20：01：00
array (
  0 => 'android',
  1 => '2.6.0',
  2 => '2019012212',
  3 => 'dalvik/2.1.0 (linux; u; android 8.0.0; lnd-al30 build/honorlnd-al30)',
  4 => 'ctl=app,act=initcom.google.gson.JsonSyntaxException: java.lang.IllegalStateException: Expected BEGIN_OBJECT but was STRING at line 1 column 1 path $',
)

执行日期：2019-02-05-20：01：00
array (
  0 => 'android',
  1 => '2.6.0',
  2 => '2019012212',
  3 => 'dalvik/2.1.0 (linux; u; android 8.0.0; lnd-al30 build/honorlnd-al30)',
  4 => 'ctl=app,act=initcom.google.gson.JsonSyntaxException: java.lang.IllegalStateException: Expected BEGIN_OBJECT but was STRING at line 1 column 1 path $',
)

执行日期：2019-02-05-20：01：05
array (
  0 => 'android',
  1 => '2.6.0',
  2 => '2019012212',
  3 => 'dalvik/2.1.0 (linux; u; android 8.0.0; lnd-al30 build/honorlnd-al30)',
  4 => 'ctl=app,act=initcom.google.gson.JsonSyntaxException: java.lang.IllegalStateException: Expected BEGIN_OBJECT but was STRING at line 1 column 1 path $',
)

执行日期：2019-02-05-20：01：05
array (
  0 => 'android',
  1 => '2.6.0',
  2 => '2019012212',
  3 => 'dalvik/2.1.0 (linux; u; android 8.0.0; lnd-al30 build/honorlnd-al30)',
  4 => 'ctl=app,act=initcom.google.gson.JsonSyntaxException: java.lang.IllegalStateException: Expected BEGIN_OBJECT but was STRING at line 1 column 1 path $',
)

执行日期：2019-02-05-20：01：11
array (
  0 => 'android',
  1 => '2.6.0',
  2 => '2019012212',
  3 => 'dalvik/2.1.0 (linux; u; android 8.0.0; lnd-al30 build/honorlnd-al30)',
  4 => 'ctl=app,act=initcom.google.gson.JsonSyntaxException: java.lang.IllegalStateException: Expected BEGIN_OBJECT but was STRING at line 1 column 1 path $',
)

执行日期：2019-02-05-20：01：11
array (
  0 => 'android',
  1 => '2.6.0',
  2 => '2019012212',
  3 => 'dalvik/2.1.0 (linux; u; android 8.0.0; lnd-al30 build/honorlnd-al30)',
  4 => 'ctl=app,act=initcom.google.gson.JsonSyntaxException: java.lang.IllegalStateException: Expected BEGIN_OBJECT but was STRING at line 1 column 1 path $',
)

执行日期：2019-02-05-20：01：16
array (
  0 => 'android',
  1 => '2.6.0',
  2 => '2019012212',
  3 => 'dalvik/2.1.0 (linux; u; android 8.0.0; lnd-al30 build/honorlnd-al30)',
  4 => 'ctl=app,act=initcom.google.gson.JsonSyntaxException: java.lang.IllegalStateException: Expected BEGIN_OBJECT but was STRING at line 1 column 1 path $',
)

执行日期：2019-02-05-20：01：17
array (
  0 => 'android',
  1 => '2.6.0',
  2 => '2019012212',
  3 => 'dalvik/2.1.0 (linux; u; android 8.0.0; lnd-al30 build/honorlnd-al30)',
  4 => 'ctl=app,act=initcom.google.gson.JsonSyntaxException: java.lang.IllegalStateException: Expected BEGIN_OBJECT but was STRING at line 1 column 1 path $',
)

执行日期：2019-02-05-20：01：22
array (
  0 => 'android',
  1 => '2.6.0',
  2 => '2019012212',
  3 => 'dalvik/2.1.0 (linux; u; android 8.0.0; lnd-al30 build/honorlnd-al30)',
  4 => 'ctl=app,act=initcom.google.gson.JsonSyntaxException: java.lang.IllegalStateException: Expected BEGIN_OBJECT but was STRING at line 1 column 1 path $',
)

执行日期：2019-02-05-20：01：22
array (
  0 => 'android',
  1 => '2.6.0',
  2 => '2019012212',
  3 => 'dalvik/2.1.0 (linux; u; android 8.0.0; lnd-al30 build/honorlnd-al30)',
  4 => 'ctl=app,act=initcom.google.gson.JsonSyntaxException: java.lang.IllegalStateException: Expected BEGIN_OBJECT but was STRING at line 1 column 1 path $',
)

执行日期：2019-02-05-20：01：27
array (
  0 => 'android',
  1 => '2.6.0',
  2 => '2019012212',
  3 => 'dalvik/2.1.0 (linux; u; android 8.0.0; lnd-al30 build/honorlnd-al30)',
  4 => 'ctl=app,act=initcom.google.gson.JsonSyntaxException: java.lang.IllegalStateException: Expected BEGIN_OBJECT but was STRING at line 1 column 1 path $',
)

执行日期：2019-02-05-20：01：27
array (
  0 => 'android',
  1 => '2.6.0',
  2 => '2019012212',
  3 => 'dalvik/2.1.0 (linux; u; android 8.0.0; lnd-al30 build/honorlnd-al30)',
  4 => 'ctl=app,act=initcom.google.gson.JsonSyntaxException: java.lang.IllegalStateException: Expected BEGIN_OBJECT but was STRING at line 1 column 1 path $',
)

执行日期：2019-02-05-20：01：33
array (
  0 => 'android',
  1 => '2.6.0',
  2 => '2019012212',
  3 => 'dalvik/2.1.0 (linux; u; android 8.0.0; lnd-al30 build/honorlnd-al30)',
  4 => 'ctl=app,act=initcom.google.gson.JsonSyntaxException: java.lang.IllegalStateException: Expected BEGIN_OBJECT but was STRING at line 1 column 1 path $',
)

执行日期：2019-02-05-20：01：33
array (
  0 => 'android',
  1 => '2.6.0',
  2 => '2019012212',
  3 => 'dalvik/2.1.0 (linux; u; android 8.0.0; lnd-al30 build/honorlnd-al30)',
  4 => 'ctl=app,act=initcom.google.gson.JsonSyntaxException: java.lang.IllegalStateException: Expected BEGIN_OBJECT but was STRING at line 1 column 1 path $',
)

执行日期：2019-02-05-20：01：40
array (
  0 => 'android',
  1 => '2.6.0',
  2 => '2019012212',
  3 => 'dalvik/2.1.0 (linux; u; android 8.0.0; lnd-al30 build/honorlnd-al30)',
  4 => 'ctl=app,act=initcom.google.gson.JsonSyntaxException: java.lang.IllegalStateException: Expected BEGIN_OBJECT but was STRING at line 1 column 1 path $',
)

执行日期：2019-02-05-20：01：40
array (
  0 => 'android',
  1 => '2.6.0',
  2 => '2019012212',
  3 => 'dalvik/2.1.0 (linux; u; android 8.0.0; lnd-al30 build/honorlnd-al30)',
  4 => 'ctl=app,act=initcom.google.gson.JsonSyntaxException: java.lang.IllegalStateException: Expected BEGIN_OBJECT but was STRING at line 1 column 1 path $',
)

执行日期：2019-02-05-20：01：45
array (
  0 => 'android',
  1 => '2.6.0',
  2 => '2019012212',
  3 => 'dalvik/2.1.0 (linux; u; android 8.0.0; lnd-al30 build/honorlnd-al30)',
  4 => 'ctl=app,act=initcom.google.gson.JsonSyntaxException: java.lang.IllegalStateException: Expected BEGIN_OBJECT but was STRING at line 1 column 1 path $',
)

执行日期：2019-02-05-20：01：45
array (
  0 => 'android',
  1 => '2.6.0',
  2 => '2019012212',
  3 => 'dalvik/2.1.0 (linux; u; android 8.0.0; lnd-al30 build/honorlnd-al30)',
  4 => 'ctl=app,act=initcom.google.gson.JsonSyntaxException: java.lang.IllegalStateException: Expected BEGIN_OBJECT but was STRING at line 1 column 1 path $',
)

执行日期：2019-02-05-20：01：50
array (
  0 => 'android',
  1 => '2.6.0',
  2 => '2019012212',
  3 => 'dalvik/2.1.0 (linux; u; android 8.0.0; lnd-al30 build/honorlnd-al30)',
  4 => 'ctl=app,act=initcom.google.gson.JsonSyntaxException: java.lang.IllegalStateException: Expected BEGIN_OBJECT but was STRING at line 1 column 1 path $',
)

执行日期：2019-02-05-20：01：50
array (
  0 => 'android',
  1 => '2.6.0',
  2 => '2019012212',
  3 => 'dalvik/2.1.0 (linux; u; android 8.0.0; lnd-al30 build/honorlnd-al30)',
  4 => 'ctl=app,act=initcom.google.gson.JsonSyntaxException: java.lang.IllegalStateException: Expected BEGIN_OBJECT but was STRING at line 1 column 1 path $',
)

执行日期：2019-02-05-20：01：56
array (
  0 => 'android',
  1 => '2.6.0',
  2 => '2019012212',
  3 => 'dalvik/2.1.0 (linux; u; android 8.0.0; lnd-al30 build/honorlnd-al30)',
  4 => 'ctl=app,act=initcom.google.gson.JsonSyntaxException: java.lang.IllegalStateException: Expected BEGIN_OBJECT but was STRING at line 1 column 1 path $',
)

执行日期：2019-02-05-20：01：56
array (
  0 => 'android',
  1 => '2.6.0',
  2 => '2019012212',
  3 => 'dalvik/2.1.0 (linux; u; android 8.0.0; lnd-al30 build/honorlnd-al30)',
  4 => 'ctl=app,act=initcom.google.gson.JsonSyntaxException: java.lang.IllegalStateException: Expected BEGIN_OBJECT but was STRING at line 1 column 1 path $',
)

执行日期：2019-02-05-20：02：02
array (
  0 => 'android',
  1 => '2.6.0',
  2 => '2019012212',
  3 => 'dalvik/2.1.0 (linux; u; android 8.0.0; lnd-al30 build/honorlnd-al30)',
  4 => 'ctl=app,act=initcom.google.gson.JsonSyntaxException: java.lang.IllegalStateException: Expected BEGIN_OBJECT but was STRING at line 1 column 1 path $',
)

执行日期：2019-02-05-20：02：02
array (
  0 => 'android',
  1 => '2.6.0',
  2 => '2019012212',
  3 => 'dalvik/2.1.0 (linux; u; android 8.0.0; lnd-al30 build/honorlnd-al30)',
  4 => 'ctl=app,act=initcom.google.gson.JsonSyntaxException: java.lang.IllegalStateException: Expected BEGIN_OBJECT but was STRING at line 1 column 1 path $',
)

执行日期：2019-02-05-20：02：32
array (
  0 => '/www/wwwroot/live/system/libs/user.php',
  1 => 2165,
  2 => 'accountimport',
  3 => 
  array (
    'ActionStatus' => 'FAIL',
    'ErrorCode' => 70009,
    'ErrorInfo' => '',
  ),
)

执行日期：2019-02-05-20：02：40
array (
  0 => '/www/wwwroot/live/system/libs/user.php',
  1 => 2165,
  2 => 'accountimport',
  3 => 
  array (
    'ActionStatus' => 'FAIL',
    'ErrorCode' => 70009,
    'ErrorInfo' => '',
  ),
)

执行日期：2019-02-05-20：02：49
array (
  0 => 'android',
  1 => '2.6.0',
  2 => '2019012212',
  3 => 'dalvik/2.1.0 (linux; u; android 8.0.0; lnd-al30 build/honorlnd-al30)',
  4 => 'Android 2019-02-05 20:02:16 (user:164) errCode:70009 errMsg:login IM error Err_TLS_Third_Sig_Check_Public_Key_Decryption_Sig_Fail',
)

执行日期：2019-02-05-20：05：02
array (
  0 => '/www/wwwroot/live/system/libs/user.php',
  1 => 2165,
  2 => 'accountimport',
  3 => 
  array (
    'ActionStatus' => 'FAIL',
    'ErrorCode' => 70009,
    'ErrorInfo' => '',
  ),
)

执行日期：2019-02-05-20：05：21
array (
  0 => '/www/wwwroot/live/system/libs/user.php',
  1 => 2165,
  2 => 'accountimport',
  3 => 
  array (
    'ActionStatus' => 'FAIL',
    'ErrorCode' => 70009,
    'ErrorInfo' => '',
  ),
)

执行日期：2019-02-05-20：05：48
array (
  0 => '/www/wwwroot/live/system/libs/user.php',
  1 => 2165,
  2 => 'accountimport',
  3 => 
  array (
    'ActionStatus' => 'FAIL',
    'ErrorCode' => 70009,
    'ErrorInfo' => '',
  ),
)

执行日期：2019-02-05-20：06：15
array (
  0 => '/www/wwwroot/live/system/libs/user.php',
  1 => 2165,
  2 => 'accountimport',
  3 => 
  array (
    'ActionStatus' => 'FAIL',
    'ErrorCode' => 70009,
    'ErrorInfo' => '',
  ),
)

执行日期：2019-02-05-20：06：38
array (
  0 => '/www/wwwroot/live/system/libs/user.php',
  1 => 2165,
  2 => 'accountimport',
  3 => 
  array (
    'ActionStatus' => 'FAIL',
    'ErrorCode' => 70009,
    'ErrorInfo' => '',
  ),
)

执行日期：2019-02-05-20：06：51
array (
  0 => '/www/wwwroot/live/system/libs/user.php',
  1 => 2165,
  2 => 'accountimport',
  3 => 
  array (
    'ActionStatus' => 'FAIL',
    'ErrorCode' => 70009,
    'ErrorInfo' => '',
  ),
)

执行日期：2019-02-05-20：07：06
array (
  0 => '/www/wwwroot/live/system/libs/user.php',
  1 => 2165,
  2 => 'accountimport',
  3 => 
  array (
    'ActionStatus' => 'FAIL',
    'ErrorCode' => 70009,
    'ErrorInfo' => '',
  ),
)

执行日期：2019-02-05-20：11：41
array (
  0 => '/www/wwwroot/live/system/tim/TimApi.php',
  1 => 23,
  2 => 'createTimAPI',
  3 => 'system/tim/ec_key.pem,不存在',
)

执行日期：2019-02-05-20：11：46
array (
  0 => '/www/wwwroot/live/system/tim/TimApi.php',
  1 => 23,
  2 => 'createTimAPI',
  3 => 'system/tim/ec_key.pem,不存在',
)

执行日期：2019-02-05-20：11：50
array (
  0 => '/www/wwwroot/live/system/tim/TimApi.php',
  1 => 23,
  2 => 'createTimAPI',
  3 => 'system/tim/ec_key.pem,不存在',
)

执行日期：2019-02-05-20：12：09
array (
  0 => '/www/wwwroot/live/system/tim/TimApi.php',
  1 => 23,
  2 => 'createTimAPI',
  3 => 'system/tim/ec_key.pem,不存在',
)

执行日期：2019-02-05-20：14：25
array (
  0 => 'android',
  1 => '1.1.9',
  2 => '20190203',
  3 => 'dalvik/2.1.0 (linux; u; android 6.0.1; mumu build/v417ir)',
  4 => 'ctl=games,act=checkCodejava.net.SocketTimeoutException',
)

执行日期：2019-02-05-20：14：26
array (
  0 => 'android',
  1 => '1.1.9',
  2 => '20190203',
  3 => 'dalvik/2.1.0 (linux; u; android 6.0.1; mumu build/v417ir)',
  4 => 'ctl=index,act=new_videojava.net.SocketTimeoutException',
)

执行日期：2019-02-05-20：14：26
array (
  0 => 'android',
  1 => '1.1.9',
  2 => '20190203',
  3 => 'dalvik/2.1.0 (linux; u; android 6.0.1; mumu build/v417ir)',
  4 => 'ctl=user,act=userinfojava.net.SocketTimeoutException',
)

执行日期：2019-02-05-20：14：26
array (
  0 => 'android',
  1 => '1.1.9',
  2 => '20190203',
  3 => 'dalvik/2.1.0 (linux; u; android 6.0.1; mumu build/v417ir)',
  4 => 'ctl=user,act=userinfojava.net.SocketTimeoutException',
)

执行日期：2019-02-05-20：17：34
array (
  0 => 'android',
  1 => '1.1.9',
  2 => '20190203',
  3 => 'dalvik/1.6.0 (linux; u; android 4.4.2; oppo r11 build/nmf26x)',
  4 => 'ctl=user,act=userinfocom.alibaba.fastjson.JSONException: syntax error, expect {, actual error, pos 0',
)

执行日期：2019-02-05-20：17：34
array (
  0 => 'android',
  1 => '1.1.9',
  2 => '20190203',
  3 => 'dalvik/1.6.0 (linux; u; android 4.4.2; oppo r11 build/nmf26x)',
  4 => 'ctl=user,act=userinfocom.alibaba.fastjson.JSONException: syntax error, expect {, actual error, pos 0',
)

执行日期：2019-02-05-20：17：46
array (
  0 => 'android',
  1 => '1.1.9',
  2 => '20190203',
  3 => 'dalvik/1.6.0 (linux; u; android 4.4.2; oppo r11 build/nmf26x)',
  4 => 'ctl=user,act=userinfocom.alibaba.fastjson.JSONException: syntax error, expect {, actual error, pos 0',
)

执行日期：2019-02-05-20：17：46
array (
  0 => 'android',
  1 => '1.1.9',
  2 => '20190203',
  3 => 'dalvik/1.6.0 (linux; u; android 4.4.2; oppo r11 build/nmf26x)',
  4 => 'ctl=user,act=userinfocom.alibaba.fastjson.JSONException: syntax error, expect {, actual error, pos 0',
)

执行日期：2019-02-05-20：21：27
array (
  0 => 'android',
  1 => '1.1.9',
  2 => '20190203',
  3 => 'dalvik/2.1.0 (linux; u; android 6.0.1; mumu build/v417ir)',
  4 => 'ctl=user,act=userinfojava.net.SocketTimeoutException',
)

执行日期：2019-02-05-20：21：27
array (
  0 => 'android',
  1 => '1.1.9',
  2 => '20190203',
  3 => 'dalvik/2.1.0 (linux; u; android 6.0.1; mumu build/v417ir)',
  4 => 'ctl=user,act=userinfojava.net.SocketTimeoutException',
)

执行日期：2019-02-05-20：21：35
array (
  0 => 'android',
  1 => '1.1.9',
  2 => '20190203',
  3 => 'dalvik/2.1.0 (linux; u; android 6.0.1; mumu build/v417ir)',
  4 => 'ctl=video,act=video_listjava.net.SocketTimeoutException',
)

执行日期：2019-02-05-20：21：35
array (
  0 => 'android',
  1 => '1.1.9',
  2 => '20190203',
  3 => 'dalvik/2.1.0 (linux; u; android 6.0.1; mumu build/v417ir)',
  4 => 'Android 2019-02-05 20:21:01 (user:166) errCode:6012 errMsg:login IM error 请求失败，请你稍后重试。',
)

执行日期：2019-02-05-20：33：27
array (
  0 => 'android',
  1 => '1.1.9',
  2 => '20190203',
  3 => 'dalvik/1.6.0 (linux; u; android 4.4.2; oppo r11 build/nmf26x)',
  4 => 'ctl=user,act=userinfocom.alibaba.fastjson.JSONException: syntax error, expect {, actual error, pos 0',
)

执行日期：2019-02-05-20：33：27
array (
  0 => 'android',
  1 => '1.1.9',
  2 => '20190203',
  3 => 'dalvik/1.6.0 (linux; u; android 4.4.2; oppo r11 build/nmf26x)',
  4 => 'ctl=user,act=userinfocom.alibaba.fastjson.JSONException: syntax error, expect {, actual error, pos 0',
)

执行日期：2019-02-05-21：16：24
array (
  0 => 'android',
  1 => '1.1.9',
  2 => '20190203',
  3 => 'dalvik/1.6.0 (linux; u; android 4.4.2; oppo r11 build/nmf26x)',
  4 => 'ctl=index,act=new_videojava.net.UnknownHostException: Unable to resolve host "zb.ylzb88.com": No address associated with hostname',
)

执行日期：2019-02-05-23：03：03
array (
  0 => 'android',
  1 => '1.1.9',
  2 => '20190203',
  3 => 'dalvik/1.6.0 (linux; u; android 4.4.2; oppo r11 build/nmf26x)',
  4 => 'ctl=videosmall,act=svlistcom.alibaba.fastjson.JSONException: syntax error, expect {, actual error, pos 0',
)

执行日期：2019-02-05-23：03：03
array (
  0 => 'android',
  1 => '1.1.9',
  2 => '20190203',
  3 => 'dalvik/1.6.0 (linux; u; android 4.4.2; oppo r11 build/nmf26x)',
  4 => 'ctl=videosmall,act=svlistcom.alibaba.fastjson.JSONException: syntax error, expect {, actual error, pos 0',
)

执行日期：2019-02-05-23：06：03
array (
  0 => 'android',
  1 => '2.6.0',
  2 => '2019012212',
  3 => 'dalvik/2.1.0 (linux; u; android 5.1; oppo r9m build/lmy47i)',
  4 => 'Android 2019-02-05 23:05:32 errCode:70009 errMsg:login IM error Err_TLS_Third_Sig_Check_Public_Key_Decryption_Sig_Fail',
)

执行日期：2019-02-05-23：47：48
array (
  0 => 'android',
  1 => '1.1.9',
  2 => '20190203',
  3 => 'dalvik/2.1.0 (linux; u; android 6.0.1; mumu build/v417ir)',
  4 => 'ctl=videosmall,act=svlistcom.alibaba.fastjson.JSONException: syntax error, expect {, actual error, pos 0',
)

执行日期：2019-02-05-23：47：48
array (
  0 => 'android',
  1 => '1.1.9',
  2 => '20190203',
  3 => 'dalvik/2.1.0 (linux; u; android 6.0.1; mumu build/v417ir)',
  4 => 'ctl=videosmall,act=svlistcom.alibaba.fastjson.JSONException: syntax error, expect {, actual error, pos 0',
)

执行日期：2019-02-05-23：47：49
array (
  0 => 'android',
  1 => '1.1.9',
  2 => '20190203',
  3 => 'dalvik/2.1.0 (linux; u; android 6.0.1; mumu build/v417ir)',
  4 => 'ctl=videosmall,act=svlistcom.alibaba.fastjson.JSONException: syntax error, expect {, actual error, pos 0',
)

执行日期：2019-02-05-23：50：43
array (
  0 => 'android',
  1 => '2.6.0',
  2 => '2019012212',
  3 => 'dalvik/2.1.0 (linux; u; android 5.1; vivo x6plus d build/lmy47i)',
  4 => 'Android 2019-02-05 23:50:10 errCode:70009 errMsg:login IM error Err_TLS_Third_Sig_Check_Public_Key_Decryption_Sig_Fail',
)

