执行日期：2019-01-09 04:50:46
 文件所在位置：/www/wwwroot/live/admin/Lib/Action/CarClassifyAction.class.php,位于第219行
array (
  0 => '1',
  1 => '3',
)

执行日期：2019-01-09 04:51:12
 文件所在位置：/www/wwwroot/live/admin/Lib/Action/CarClassifyAction.class.php,位于第219行
array (
  0 => '1',
  1 => '3',
)

执行日期：2019-01-09 04:51:16
 文件所在位置：/www/wwwroot/live/admin/Lib/Action/CarClassifyAction.class.php,位于第219行
array (
  0 => '1',
)

执行日期：2019-01-09 04:51:30
 文件所在位置：/www/wwwroot/live/admin/Lib/Action/CarClassifyAction.class.php,位于第219行
array (
  0 => '1',
)

执行日期：2019-01-11 08:28:22
 文件所在位置：/www/wwwroot/live/admin/Lib/Action/CarClassifyAction.class.php,位于第219行
array (
  0 => '1',
)

执行日期：2019-01-11 08:28:30
 文件所在位置：/www/wwwroot/live/admin/Lib/Action/CarClassifyAction.class.php,位于第219行
array (
  0 => '2',
)

执行日期：2019-01-11 08:33:30
 文件所在位置：/www/wwwroot/live/admin/Lib/Action/CarClassifyAction.class.php,位于第219行
array (
  0 => '2',
)

执行日期：2019-01-11 08:33:41
 文件所在位置：/www/wwwroot/live/admin/Lib/Action/CarClassifyAction.class.php,位于第219行
array (
  0 => '3',
)

执行日期：2019-01-12 06:07:22
 文件所在位置：/www/wwwroot/live/admin/Lib/Action/CarClassifyAction.class.php,位于第219行
array (
  0 => '2',
)

