执行日期：2019-02-05-20：02：41
array (
  'has_next' => 0,
  'page' => 1,
  'status' => 1,
  'error' => '',
  'list' => 
  array (
  ),
)

执行日期：2019-02-05-20：42：07
array (
  'has_next' => 0,
  'page' => 1,
  'status' => 1,
  'error' => '',
  'list' => 
  array (
  ),
)

执行日期：2019-02-05-23：04：43
array (
  'has_next' => 0,
  'page' => 1,
  'status' => 1,
  'error' => '',
  'list' => 
  array (
  ),
)

执行日期：2019-02-05-23：06：01
array (
  'has_next' => 0,
  'page' => 1,
  'status' => 1,
  'error' => '',
  'list' => 
  array (
  ),
)

执行日期：2019-02-05-23：50：41
array (
  'has_next' => 0,
  'page' => 1,
  'status' => 1,
  'error' => '',
  'list' => 
  array (
    0 => 
    array (
      'user_id' => '166',
      'weibo_id' => '9',
      'head_image' => 'http://kehu990.oss-cn-beijing.aliyuncs.com/public/attachment/201902/166/1549381470806.png?x-oss-process=image/resize,m_fill,m_mfit,h_300,w_300',
      'is_authentication' => '0',
      'content' => '哈哈哈',
      'red_count' => '0',
      'digg_count' => '0',
      'comment_count' => '0',
      'video_count' => '1',
      'v_icon' => NULL,
      'nick_name' => '游客:166',
      'sort_num' => '0',
      'photo_image' => 'http://1258079207.vod2.myqcloud.com/14c0cfabvodcq1258079207/0b83e8f15285890785128355038/5285890785128355039.jpg',
      'city' => NULL,
      'is_top' => '0',
      'price' => '0.00',
      'type' => 'video',
      'create_time' => '2019-02-05 23:47:44',
      'province' => '',
      'address' => '',
      'has_black' => 0,
      'is_show_weibo_report' => 1,
      'is_show_user_report' => 1,
      'is_show_user_black' => 1,
      'is_show_top' => 0,
      'is_show_deal_weibo' => 0,
      'left_time' => '2分钟前',
      'weibo_place' => '',
      'images_count' => 0,
      'images' => 
      array (
      ),
      'video_url' => 'http://1258079207.vod2.myqcloud.com/14c0cfabvodcq1258079207/0b83e8f15285890785128355038/S0PlU2ztm70A.mp4',
    ),
  ),
)

执行日期：2019-02-06-02：45：51
array (
  'has_next' => 0,
  'page' => 1,
  'status' => 1,
  'error' => '',
  'list' => 
  array (
  ),
)

执行日期：2019-02-06-08：11：24
array (
  'has_next' => 0,
  'page' => 1,
  'status' => 1,
  'error' => '',
  'list' => 
  array (
  ),
)

执行日期：2019-02-06-09：07：26
array (
  'has_next' => 0,
  'page' => 1,
  'status' => 1,
  'error' => '',
  'list' => 
  array (
  ),
)

执行日期：2019-02-06-10：04：37
array (
  'has_next' => 0,
  'page' => 1,
  'status' => 1,
  'error' => '',
  'list' => 
  array (
  ),
)

执行日期：2019-02-06-10：56：06
array (
  'has_next' => 0,
  'page' => 1,
  'status' => 1,
  'error' => '',
  'list' => 
  array (
  ),
)

执行日期：2019-02-06-18：31：47
array (
  'has_next' => 0,
  'page' => 1,
  'status' => 1,
  'error' => '',
  'list' => 
  array (
  ),
)

执行日期：2019-02-06-18：43：21
array (
  'has_next' => 0,
  'page' => 1,
  'status' => 1,
  'error' => '',
  'list' => 
  array (
  ),
)

执行日期：2019-02-06-22：50：21
array (
  'has_next' => 0,
  'page' => 1,
  'status' => 1,
  'error' => '',
  'list' => 
  array (
  ),
)

执行日期：2019-02-07-01：40：33
array (
  'has_next' => 0,
  'page' => 1,
  'status' => 1,
  'error' => '',
  'list' => 
  array (
  ),
)

执行日期：2019-02-07-03：56：48
array (
  'has_next' => 0,
  'page' => 1,
  'status' => 1,
  'error' => '',
  'list' => 
  array (
  ),
)

执行日期：2019-02-07-07：50：13
array (
  'has_next' => 0,
  'page' => 1,
  'status' => 1,
  'error' => '',
  'list' => 
  array (
  ),
)

执行日期：2019-02-07-12：06：52
array (
  'has_next' => 0,
  'page' => 1,
  'status' => 1,
  'error' => '',
  'list' => 
  array (
  ),
)

执行日期：2019-02-07-16：30：19
array (
  'has_next' => 0,
  'page' => 1,
  'status' => 1,
  'error' => '',
  'list' => 
  array (
  ),
)

执行日期：2019-02-07-20：52：04
array (
  'has_next' => 0,
  'page' => 1,
  'status' => 1,
  'error' => '',
  'list' => 
  array (
  ),
)

执行日期：2019-02-08-00：18：28
array (
  'has_next' => 0,
  'page' => 1,
  'status' => 1,
  'error' => '',
  'list' => 
  array (
  ),
)

执行日期：2019-02-08-04：37：09
array (
  'has_next' => 0,
  'page' => 1,
  'status' => 1,
  'error' => '',
  'list' => 
  array (
  ),
)

执行日期：2019-02-08-21：49：53
array (
  'has_next' => 0,
  'page' => 1,
  'status' => 1,
  'error' => '',
  'list' => 
  array (
  ),
)

执行日期：2019-02-09-12：26：00
array (
  'has_next' => 0,
  'page' => 1,
  'status' => 1,
  'error' => '',
  'list' => 
  array (
  ),
)

