执行日期：2018-12-09-17：37：10
 1 = 1 

执行日期：2019-01-09-03：18：05
 1 = 1 

执行日期：2019-01-09-04：15：54
 1 = 1 

执行日期：2019-01-09-04：15：55
 1 = 1 

执行日期：2019-01-09-04：15：56
 1 = 1 

执行日期：2019-01-09-04：15：56
 1 = 1 

执行日期：2019-01-09-04：15：57
 1 = 1 

执行日期：2019-01-09-04：15：57
 1 = 1 

执行日期：2019-01-09-04：15：57
 1 = 1 

执行日期：2019-01-09-04：15：57
 1 = 1 

执行日期：2019-01-09-04：16：28
 1 = 1 

执行日期：2019-01-09-04：16：32
 1 = 1 

执行日期：2019-01-09-04：17：14
 1 = 1 

执行日期：2019-01-09-04：17：14
 1 = 1 

执行日期：2019-01-09-04：17：14
 1 = 1 

执行日期：2019-01-09-04：32：30
 1 = 1 

执行日期：2019-01-09-04：32：37
 1 = 1 

执行日期：2019-01-09-04：38：26
 1 = 1 

执行日期：2019-01-09-04：52：03
 1 = 1 

执行日期：2019-01-09-20：59：12
 1 = 1 

执行日期：2019-01-10-10：17：25
 1 = 1 

执行日期：2019-01-10-10：17：28
 1 = 1 

执行日期：2019-01-10-10：19：09
 1 = 1 

执行日期：2019-01-10-10：19：26
 1 = 1 

执行日期：2019-01-10-10：19：33
 1 = 1 

执行日期：2019-01-10-12：00：20
 1 = 1 

执行日期：2019-01-10-12：00：45
 1 = 1 

执行日期：2019-01-10-13：17：00
array (
  'type' => 51,
  'text' => '直播搭建',
  'url' => 'http://zb.98m4.com',
  'desc' => '直播搭建',
)

执行日期：2019-01-10-14：43：58
array (
  'type' => 51,
  'text' => '66666',
  'url' => 'http://zb.98m4.com',
  'desc' => '66666',
)

执行日期：2019-01-11-08：34：46
 1 = 1 

执行日期：2019-01-11-08：34：52
 1 = 1 

执行日期：2019-01-11-10：25：25
 1 = 1 

执行日期：2019-01-11-13：50：18
 1 = 1 

执行日期：2019-01-11-13：55：47
 1 = 1 

执行日期：2019-01-12-06：00：41
 1 = 1 

执行日期：2019-01-12-06：09：04
 1 = 1 

执行日期：2019-01-12-06：09：10
 1 = 1 

执行日期：2019-01-12-06：37：15
 1 = 1 

执行日期：2019-01-12-20：33：07
 1 = 1 

执行日期：2019-01-12-20：52：35
 1 = 1 

执行日期：2019-02-05-20：54：57
 1 = 1 

执行日期：2019-02-05-23：47：56
 1 = 1 

执行日期：2019-02-05-23：48：06
 1 = 1 

执行日期：2019-02-05-23：48：33
 1 = 1 

执行日期：2019-02-05-23：48：44
 1 = 1 

执行日期：2019-02-05-23：52：50
 1 = 1 

执行日期：2019-02-06-00：03：08
 1 = 1 

执行日期：2019-02-06-00：03：13
 1 = 1 

